{"C:\\Users\\ycloa\\App-WikiPro\\backend\\src\\app.controller.ts": {"path":"C:\\Users\\ycloa\\App-WikiPro\\backend\\src\\app.controller.ts","statementMap":{"0":{"start":{"line":1,"column":0},"end":{"line":1,"column":49}},"1":{"start":{"line":2,"column":0},"end":{"line":2,"column":69}},"2":{"start":{"line":3,"column":0},"end":{"line":3,"column":43}},"3":{"start":{"line":7,"column":7},"end":{"line":23,"column":null}},"4":{"start":{"line":8,"column":31},"end":{"line":8,"column":43}},"5":{"start":{"line":14,"column":4},"end":{"line":14,"column":39}},"6":{"start":{"line":21,"column":4},"end":{"line":21,"column":34}},"7":{"start":{"line":7,"column":13},"end":{"line":7,"column":26}},"8":{"start":{"line":13,"column":2},"end":{"line":15,"column":null}},"9":{"start":{"line":20,"column":2},"end":{"line":22,"column":null}},"10":{"start":{"line":7,"column":13},"end":{"line":23,"column":null}}},"fnMap":{"0":{"name":"(anonymous_2)","decl":{"start":{"line":8,"column":2},"end":{"line":8,"column":31}},"loc":{"start":{"line":8,"column":53},"end":{"line":8,"column":57}}},"1":{"name":"(anonymous_3)","decl":{"start":{"line":13,"column":2},"end":{"line":13,"column":11}},"loc":{"start":{"line":13,"column":11},"end":{"line":15,"column":3}}},"2":{"name":"(anonymous_4)","decl":{"start":{"line":20,"column":2},"end":{"line":20,"column":6}},"loc":{"start":{"line":20,"column":6},"end":{"line":22,"column":3}}}},"branchMap":{},"s":{"0":0,"1":0,"2":0,"3":0,"4":0,"5":0,"6":0,"7":0,"8":0,"9":0,"10":0},"f":{"0":0,"1":0,"2":0},"b":{}}
,"C:\\Users\\ycloa\\App-WikiPro\\backend\\src\\app.module.ts": {"path":"C:\\Users\\ycloa\\App-WikiPro\\backend\\src\\app.module.ts","statementMap":{"0":{"start":{"line":1,"column":0},"end":{"line":1,"column":40}},"1":{"start":{"line":2,"column":0},"end":{"line":2,"column":46}},"2":{"start":{"line":3,"column":0},"end":{"line":3,"column":52}},"3":{"start":{"line":6,"column":0},"end":{"line":6,"column":60}},"4":{"start":{"line":9,"column":0},"end":{"line":9,"column":62}},"5":{"start":{"line":10,"column":0},"end":{"line":10,"column":52}},"6":{"start":{"line":11,"column":0},"end":{"line":11,"column":67}},"7":{"start":{"line":12,"column":0},"end":{"line":12,"column":64}},"8":{"start":{"line":13,"column":0},"end":{"line":13,"column":59}},"9":{"start":{"line":14,"column":0},"end":{"line":14,"column":53}},"10":{"start":{"line":15,"column":0},"end":{"line":15,"column":62}},"11":{"start":{"line":18,"column":0},"end":{"line":18,"column":78}},"12":{"start":{"line":21,"column":0},"end":{"line":21,"column":49}},"13":{"start":{"line":22,"column":0},"end":{"line":22,"column":43}},"14":{"start":{"line":56,"column":7},"end":{"line":56,"column":null}},"15":{"start":{"line":56,"column":13},"end":{"line":56,"column":22}},"16":{"start":{"line":56,"column":13},"end":{"line":56,"column":null}}},"fnMap":{},"branchMap":{},"s":{"0":0,"1":0,"2":0,"3":0,"4":0,"5":0,"6":0,"7":0,"8":0,"9":0,"10":0,"11":0,"12":0,"13":0,"14":0,"15":0,"16":0},"f":{},"b":{}}
,"C:\\Users\\ycloa\\App-WikiPro\\backend\\src\\app.service.ts": {"path":"C:\\Users\\ycloa\\App-WikiPro\\backend\\src\\app.service.ts","statementMap":{"0":{"start":{"line":1,"column":0},"end":{"line":1,"column":44}},"1":{"start":{"line":4,"column":7},"end":{"line":16,"column":null}},"2":{"start":{"line":6,"column":4},"end":{"line":10,"column":6}},"3":{"start":{"line":14,"column":4},"end":{"line":14,"column":31}},"4":{"start":{"line":4,"column":13},"end":{"line":4,"column":23}},"5":{"start":{"line":4,"column":13},"end":{"line":16,"column":null}}},"fnMap":{"0":{"name":"(anonymous_1)","decl":{"start":{"line":5,"column":2},"end":{"line":5,"column":11}},"loc":{"start":{"line":5,"column":11},"end":{"line":11,"column":3}}},"1":{"name":"(anonymous_2)","decl":{"start":{"line":13,"column":2},"end":{"line":13,"column":6}},"loc":{"start":{"line":13,"column":6},"end":{"line":15,"column":3}}}},"branchMap":{},"s":{"0":1,"1":1,"2":0,"3":0,"4":1,"5":1},"f":{"0":0,"1":0},"b":{}}
,"C:\\Users\\ycloa\\App-WikiPro\\backend\\src\\main.ts": {"path":"C:\\Users\\ycloa\\App-WikiPro\\backend\\src\\main.ts","statementMap":{"0":{"start":{"line":1,"column":0},"end":{"line":1,"column":43}},"1":{"start":{"line":2,"column":0},"end":{"line":2,"column":48}},"2":{"start":{"line":3,"column":0},"end":{"line":3,"column":65}},"3":{"start":{"line":4,"column":0},"end":{"line":4,"column":41}},"4":{"start":{"line":7,"column":14},"end":{"line":7,"column":49}},"5":{"start":{"line":10,"column":2},"end":{"line":14,"column":6}},"6":{"start":{"line":17,"column":2},"end":{"line":20,"column":5}},"7":{"start":{"line":23,"column":2},"end":{"line":32,"column":3}},"8":{"start":{"line":24,"column":19},"end":{"line":29,"column":14}},"9":{"start":{"line":30,"column":21},"end":{"line":30,"column":62}},"10":{"start":{"line":31,"column":4},"end":{"line":31,"column":51}},"11":{"start":{"line":34,"column":15},"end":{"line":34,"column":39}},"12":{"start":{"line":35,"column":2},"end":{"line":35,"column":25}},"13":{"start":{"line":36,"column":2},"end":{"line":36,"column":73}},"14":{"start":{"line":37,"column":2},"end":{"line":37,"column":73}},"15":{"start":{"line":40,"column":0},"end":{"line":40,"column":12}}},"fnMap":{"0":{"name":"bootstrap","decl":{"start":{"line":6,"column":15},"end":{"line":6,"column":24}},"loc":{"start":{"line":6,"column":24},"end":{"line":38,"column":1}}}},"branchMap":{"0":{"loc":{"start":{"line":18,"column":12},"end":{"line":18,"column":76}},"type":"binary-expr","locations":[{"start":{"line":18,"column":12},"end":{"line":18,"column":47}},{"start":{"line":18,"column":51},"end":{"line":18,"column":76}}]},"1":{"loc":{"start":{"line":23,"column":2},"end":{"line":32,"column":3}},"type":"if","locations":[{"start":{"line":23,"column":2},"end":{"line":32,"column":3}},{"start":{},"end":{}}]},"2":{"loc":{"start":{"line":34,"column":15},"end":{"line":34,"column":39}},"type":"binary-expr","locations":[{"start":{"line":34,"column":15},"end":{"line":34,"column":31}},{"start":{"line":34,"column":35},"end":{"line":34,"column":39}}]}},"s":{"0":0,"1":0,"2":0,"3":0,"4":0,"5":0,"6":0,"7":0,"8":0,"9":0,"10":0,"11":0,"12":0,"13":0,"14":0,"15":0},"f":{"0":0},"b":{"0":[0,0],"1":[0,0],"2":[0,0]}}
,"C:\\Users\\ycloa\\App-WikiPro\\backend\\src\\core\\auth\\auth.controller.ts": {"path":"C:\\Users\\ycloa\\App-WikiPro\\backend\\src\\core\\auth\\auth.controller.ts","statementMap":{"0":{"start":{"line":1,"column":0},"end":{"line":1,"column":116}},"1":{"start":{"line":2,"column":0},"end":{"line":2,"column":45}},"2":{"start":{"line":3,"column":0},"end":{"line":3,"column":84}},"3":{"start":{"line":4,"column":0},"end":{"line":4,"column":71}},"4":{"start":{"line":5,"column":0},"end":{"line":5,"column":57}},"5":{"start":{"line":6,"column":0},"end":{"line":6,"column":55}},"6":{"start":{"line":7,"column":0},"end":{"line":7,"column":61}},"7":{"start":{"line":9,"column":0},"end":{"line":9,"column":13}},"8":{"start":{"line":11,"column":2},"end":{"line":11,"column":null}},"9":{"start":{"line":15,"column":2},"end":{"line":15,"column":null}},"10":{"start":{"line":18,"column":2},"end":{"line":18,"column":null}},"11":{"start":{"line":21,"column":0},"end":{"line":21,"column":13}},"12":{"start":{"line":23,"column":2},"end":{"line":23,"column":null}},"13":{"start":{"line":28,"column":27},"end":{"line":201,"column":null}},"14":{"start":{"line":32,"column":12},"end":{"line":32,"column":25}},"15":{"start":{"line":33,"column":12},"end":{"line":33,"column":25}},"16":{"start":{"line":34,"column":12},"end":{"line":34,"column":27}},"17":{"start":{"line":29,"column":19},"end":{"line":29,"column":60}},"18":{"start":{"line":56,"column":4},"end":{"line":56,"column":102}},"19":{"start":{"line":59,"column":19},"end":{"line":59,"column":72}},"20":{"start":{"line":60,"column":4},"end":{"line":62,"column":5}},"21":{"start":{"line":61,"column":6},"end":{"line":61,"column":73}},"22":{"start":{"line":65,"column":17},"end":{"line":67,"column":null}},"23":{"start":{"line":70,"column":4},"end":{"line":73,"column":5}},"24":{"start":{"line":71,"column":6},"end":{"line":71,"column":106}},"25":{"start":{"line":72,"column":6},"end":{"line":72,"column":64}},"26":{"start":{"line":75,"column":4},"end":{"line":78,"column":5}},"27":{"start":{"line":76,"column":6},"end":{"line":76,"column":65}},"28":{"start":{"line":77,"column":6},"end":{"line":77,"column":68}},"29":{"start":{"line":81,"column":28},"end":{"line":81,"column":92}},"30":{"start":{"line":82,"column":4},"end":{"line":85,"column":5}},"31":{"start":{"line":83,"column":6},"end":{"line":83,"column":73}},"32":{"start":{"line":84,"column":6},"end":{"line":84,"column":64}},"33":{"start":{"line":88,"column":35},"end":{"line":93,"column":6}},"34":{"start":{"line":95,"column":23},"end":{"line":95,"column":72}},"35":{"start":{"line":98,"column":4},"end":{"line":98,"column":72}},"36":{"start":{"line":100,"column":4},"end":{"line":100,"column":81}},"37":{"start":{"line":102,"column":4},"end":{"line":116,"column":6}},"38":{"start":{"line":139,"column":29},"end":{"line":139,"column":37}},"39":{"start":{"line":142,"column":19},"end":{"line":142,"column":67}},"40":{"start":{"line":143,"column":4},"end":{"line":145,"column":5}},"41":{"start":{"line":144,"column":6},"end":{"line":144,"column":74}},"42":{"start":{"line":148,"column":19},"end":{"line":148,"column":75}},"43":{"start":{"line":149,"column":4},"end":{"line":151,"column":5}},"44":{"start":{"line":150,"column":6},"end":{"line":150,"column":74}},"45":{"start":{"line":153,"column":4},"end":{"line":153,"column":82}},"46":{"start":{"line":155,"column":4},"end":{"line":168,"column":6}},"47":{"start":{"line":178,"column":4},"end":{"line":178,"column":75}},"48":{"start":{"line":179,"column":4},"end":{"line":179,"column":20}},"49":{"start":{"line":188,"column":17},"end":{"line":188,"column":67}},"50":{"start":{"line":189,"column":4},"end":{"line":189,"column":20}},"51":{"start":{"line":196,"column":4},"end":{"line":199,"column":6}},"52":{"start":{"line":28,"column":13},"end":{"line":28,"column":27}},"53":{"start":{"line":41,"column":8},"end":{"line":117,"column":null}},"54":{"start":{"line":125,"column":8},"end":{"line":169,"column":null}},"55":{"start":{"line":177,"column":8},"end":{"line":180,"column":null}},"56":{"start":{"line":185,"column":8},"end":{"line":190,"column":null}},"57":{"start":{"line":195,"column":2},"end":{"line":200,"column":null}},"58":{"start":{"line":28,"column":13},"end":{"line":201,"column":null}}},"fnMap":{"0":{"name":"(anonymous_4)","decl":{"start":{"line":31,"column":2},"end":{"line":31,"column":null}},"loc":{"start":{"line":34,"column":40},"end":{"line":35,"column":6}}},"1":{"name":"(anonymous_5)","decl":{"start":{"line":41,"column":8},"end":{"line":41,"column":13}},"loc":{"start":{"line":41,"column":58},"end":{"line":117,"column":3}}},"2":{"name":"(anonymous_6)","decl":{"start":{"line":125,"column":8},"end":{"line":125,"column":19}},"loc":{"start":{"line":125,"column":34},"end":{"line":169,"column":3}}},"3":{"name":"(anonymous_7)","decl":{"start":{"line":177,"column":8},"end":{"line":177,"column":18}},"loc":{"start":{"line":177,"column":33},"end":{"line":180,"column":3}}},"4":{"name":"(anonymous_8)","decl":{"start":{"line":185,"column":8},"end":{"line":185,"column":20}},"loc":{"start":{"line":185,"column":55},"end":{"line":190,"column":3}}},"5":{"name":"(anonymous_9)","decl":{"start":{"line":195,"column":2},"end":{"line":195,"column":15}},"loc":{"start":{"line":195,"column":15},"end":{"line":200,"column":3}}}},"branchMap":{"0":{"loc":{"start":{"line":60,"column":4},"end":{"line":62,"column":5}},"type":"if","locations":[{"start":{"line":60,"column":4},"end":{"line":62,"column":5}},{"start":{},"end":{}}]},"1":{"loc":{"start":{"line":70,"column":4},"end":{"line":73,"column":5}},"type":"if","locations":[{"start":{"line":70,"column":4},"end":{"line":73,"column":5}},{"start":{},"end":{}}]},"2":{"loc":{"start":{"line":75,"column":4},"end":{"line":78,"column":5}},"type":"if","locations":[{"start":{"line":75,"column":4},"end":{"line":78,"column":5}},{"start":{},"end":{}}]},"3":{"loc":{"start":{"line":82,"column":4},"end":{"line":85,"column":5}},"type":"if","locations":[{"start":{"line":82,"column":4},"end":{"line":85,"column":5}},{"start":{},"end":{}}]},"4":{"loc":{"start":{"line":143,"column":4},"end":{"line":145,"column":5}},"type":"if","locations":[{"start":{"line":143,"column":4},"end":{"line":145,"column":5}},{"start":{},"end":{}}]},"5":{"loc":{"start":{"line":149,"column":4},"end":{"line":151,"column":5}},"type":"if","locations":[{"start":{"line":149,"column":4},"end":{"line":151,"column":5}},{"start":{},"end":{}}]}},"s":{"0":1,"1":1,"2":1,"3":1,"4":1,"5":1,"6":1,"7":1,"8":1,"9":1,"10":1,"11":1,"12":1,"13":1,"14":0,"15":0,"16":0,"17":0,"18":0,"19":0,"20":0,"21":0,"22":0,"23":0,"24":0,"25":0,"26":0,"27":0,"28":0,"29":0,"30":0,"31":0,"32":0,"33":0,"34":0,"35":0,"36":0,"37":0,"38":0,"39":0,"40":0,"41":0,"42":0,"43":0,"44":0,"45":0,"46":0,"47":0,"48":0,"49":0,"50":0,"51":0,"52":1,"53":1,"54":1,"55":1,"56":1,"57":1,"58":1},"f":{"0":0,"1":0,"2":0,"3":0,"4":0,"5":0},"b":{"0":[0,0],"1":[0,0],"2":[0,0],"3":[0,0],"4":[0,0],"5":[0,0]}}
,"C:\\Users\\ycloa\\App-WikiPro\\backend\\src\\core\\auth\\auth.module.ts": {"path":"C:\\Users\\ycloa\\App-WikiPro\\backend\\src\\core\\auth\\auth.module.ts","statementMap":{"0":{"start":{"line":1,"column":0},"end":{"line":1,"column":40}},"1":{"start":{"line":2,"column":0},"end":{"line":2,"column":40}},"2":{"start":{"line":3,"column":0},"end":{"line":3,"column":50}},"3":{"start":{"line":4,"column":0},"end":{"line":4,"column":45}},"4":{"start":{"line":5,"column":0},"end":{"line":5,"column":51}},"5":{"start":{"line":6,"column":0},"end":{"line":6,"column":56}},"6":{"start":{"line":7,"column":0},"end":{"line":7,"column":52}},"7":{"start":{"line":8,"column":0},"end":{"line":8,"column":55}},"8":{"start":{"line":9,"column":0},"end":{"line":9,"column":60}},"9":{"start":{"line":10,"column":0},"end":{"line":10,"column":62}},"10":{"start":{"line":11,"column":0},"end":{"line":11,"column":53}},"11":{"start":{"line":12,"column":0},"end":{"line":12,"column":59}},"12":{"start":{"line":40,"column":7},"end":{"line":40,"column":null}},"13":{"start":{"line":40,"column":13},"end":{"line":40,"column":23}},"14":{"start":{"line":40,"column":13},"end":{"line":40,"column":null}},"15":{"start":{"line":22,"column":59},"end":{"line":27,"column":8}}},"fnMap":{"0":{"name":"(anonymous_1)","decl":{"start":{"line":22,"column":18},"end":{"line":22,"column":23}},"loc":{"start":{"line":22,"column":59},"end":{"line":27,"column":8}}}},"branchMap":{},"s":{"0":0,"1":0,"2":0,"3":0,"4":0,"5":0,"6":0,"7":0,"8":0,"9":0,"10":0,"11":0,"12":0,"13":0,"14":0,"15":0},"f":{"0":0},"b":{}}
,"C:\\Users\\ycloa\\App-WikiPro\\backend\\src\\core\\auth\\auth.service.ts": {"path":"C:\\Users\\ycloa\\App-WikiPro\\backend\\src\\core\\auth\\auth.service.ts","statementMap":{"0":{"start":{"line":1,"column":0},"end":{"line":1,"column":75}},"1":{"start":{"line":2,"column":0},"end":{"line":2,"column":41}},"2":{"start":{"line":3,"column":0},"end":{"line":3,"column":33}},"3":{"start":{"line":4,"column":0},"end":{"line":4,"column":60}},"4":{"start":{"line":26,"column":24},"end":{"line":108,"column":null}},"5":{"start":{"line":30,"column":12},"end":{"line":30,"column":24}},"6":{"start":{"line":31,"column":12},"end":{"line":31,"column":27}},"7":{"start":{"line":27,"column":19},"end":{"line":27,"column":57}},"8":{"start":{"line":35,"column":19},"end":{"line":35,"column":59}},"9":{"start":{"line":36,"column":4},"end":{"line":36,"column":41}},"10":{"start":{"line":40,"column":4},"end":{"line":40,"column":43}},"11":{"start":{"line":44,"column":37},"end":{"line":49,"column":6}},"12":{"start":{"line":51,"column":24},"end":{"line":51,"column":58}},"13":{"start":{"line":53,"column":4},"end":{"line":53,"column":102}},"14":{"start":{"line":55,"column":4},"end":{"line":63,"column":6}},"15":{"start":{"line":67,"column":4},"end":{"line":72,"column":5}},"16":{"start":{"line":68,"column":6},"end":{"line":68,"column":43}},"17":{"start":{"line":70,"column":6},"end":{"line":70,"column":59}},"18":{"start":{"line":71,"column":6},"end":{"line":71,"column":56}},"19":{"start":{"line":77,"column":4},"end":{"line":79,"column":5}},"20":{"start":{"line":78,"column":6},"end":{"line":78,"column":62}},"21":{"start":{"line":86,"column":4},"end":{"line":86,"column":19}},"22":{"start":{"line":90,"column":4},"end":{"line":92,"column":5}},"23":{"start":{"line":91,"column":6},"end":{"line":91,"column":79}},"24":{"start":{"line":93,"column":4},"end":{"line":93,"column":25}},"25":{"start":{"line":97,"column":4},"end":{"line":97,"column":59}},"26":{"start":{"line":101,"column":4},"end":{"line":101,"column":34}},"27":{"start":{"line":101,"column":21},"end":{"line":101,"column":34}},"28":{"start":{"line":102,"column":4},"end":{"line":102,"column":65}},"29":{"start":{"line":102,"column":38},"end":{"line":102,"column":63}},"30":{"start":{"line":106,"column":4},"end":{"line":106,"column":76}},"31":{"start":{"line":26,"column":13},"end":{"line":26,"column":24}},"32":{"start":{"line":26,"column":13},"end":{"line":108,"column":null}}},"fnMap":{"0":{"name":"(anonymous_2)","decl":{"start":{"line":29,"column":2},"end":{"line":29,"column":null}},"loc":{"start":{"line":31,"column":40},"end":{"line":32,"column":6}}},"1":{"name":"(anonymous_3)","decl":{"start":{"line":34,"column":2},"end":{"line":34,"column":7}},"loc":{"start":{"line":34,"column":37},"end":{"line":37,"column":3}}},"2":{"name":"(anonymous_4)","decl":{"start":{"line":39,"column":2},"end":{"line":39,"column":7}},"loc":{"start":{"line":39,"column":56},"end":{"line":41,"column":3}}},"3":{"name":"(anonymous_5)","decl":{"start":{"line":43,"column":2},"end":{"line":43,"column":7}},"loc":{"start":{"line":43,"column":42},"end":{"line":64,"column":3}}},"4":{"name":"(anonymous_6)","decl":{"start":{"line":66,"column":2},"end":{"line":66,"column":7}},"loc":{"start":{"line":66,"column":35},"end":{"line":73,"column":3}}},"5":{"name":"(anonymous_7)","decl":{"start":{"line":75,"column":2},"end":{"line":75,"column":7}},"loc":{"start":{"line":75,"column":40},"end":{"line":87,"column":3}}},"6":{"name":"(anonymous_8)","decl":{"start":{"line":89,"column":2},"end":{"line":89,"column":23}},"loc":{"start":{"line":89,"column":40},"end":{"line":94,"column":3}}},"7":{"name":"(anonymous_9)","decl":{"start":{"line":96,"column":2},"end":{"line":96,"column":9}},"loc":{"start":{"line":96,"column":48},"end":{"line":98,"column":3}}},"8":{"name":"(anonymous_10)","decl":{"start":{"line":100,"column":2},"end":{"line":100,"column":12}},"loc":{"start":{"line":100,"column":54},"end":{"line":103,"column":3}}},"9":{"name":"(anonymous_11)","decl":{"start":{"line":102,"column":30},"end":{"line":102,"column":34}},"loc":{"start":{"line":102,"column":38},"end":{"line":102,"column":63}}},"10":{"name":"(anonymous_12)","decl":{"start":{"line":105,"column":2},"end":{"line":105,"column":9}},"loc":{"start":{"line":105,"column":26},"end":{"line":107,"column":3}}}},"branchMap":{"0":{"loc":{"start":{"line":77,"column":4},"end":{"line":79,"column":5}},"type":"if","locations":[{"start":{"line":77,"column":4},"end":{"line":79,"column":5}},{"start":{},"end":{}}]},"1":{"loc":{"start":{"line":77,"column":8},"end":{"line":77,"column":59}},"type":"binary-expr","locations":[{"start":{"line":77,"column":8},"end":{"line":77,"column":20}},{"start":{"line":77,"column":24},"end":{"line":77,"column":38}},{"start":{"line":77,"column":42},"end":{"line":77,"column":59}}]},"2":{"loc":{"start":{"line":90,"column":4},"end":{"line":92,"column":5}},"type":"if","locations":[{"start":{"line":90,"column":4},"end":{"line":92,"column":5}},{"start":{},"end":{}}]},"3":{"loc":{"start":{"line":97,"column":11},"end":{"line":97,"column":58}},"type":"binary-expr","locations":[{"start":{"line":97,"column":11},"end":{"line":97,"column":21}},{"start":{"line":97,"column":25},"end":{"line":97,"column":58}}]},"4":{"loc":{"start":{"line":101,"column":4},"end":{"line":101,"column":34}},"type":"if","locations":[{"start":{"line":101,"column":4},"end":{"line":101,"column":34}},{"start":{},"end":{}}]},"5":{"loc":{"start":{"line":106,"column":11},"end":{"line":106,"column":75}},"type":"binary-expr","locations":[{"start":{"line":106,"column":11},"end":{"line":106,"column":38}},{"start":{"line":106,"column":42},"end":{"line":106,"column":75}}]}},"s":{"0":2,"1":2,"2":2,"3":2,"4":2,"5":0,"6":0,"7":0,"8":0,"9":0,"10":0,"11":0,"12":0,"13":0,"14":0,"15":0,"16":0,"17":0,"18":0,"19":0,"20":0,"21":0,"22":0,"23":0,"24":0,"25":0,"26":0,"27":0,"28":0,"29":0,"30":0,"31":2,"32":2},"f":{"0":0,"1":0,"2":0,"3":0,"4":0,"5":0,"6":0,"7":0,"8":0,"9":0,"10":0},"b":{"0":[0,0],"1":[0,0,0],"2":[0,0],"3":[0,0],"4":[0,0],"5":[0,0]}}
,"C:\\Users\\ycloa\\App-WikiPro\\backend\\src\\core\\auth\\guards\\jwt-auth.guard.ts": {"path":"C:\\Users\\ycloa\\App-WikiPro\\backend\\src\\core\\auth\\guards\\jwt-auth.guard.ts","statementMap":{"0":{"start":{"line":1,"column":0},"end":{"line":1,"column":85}},"1":{"start":{"line":2,"column":0},"end":{"line":2,"column":45}},"2":{"start":{"line":6,"column":7},"end":{"line":45,"column":null}},"3":{"start":{"line":9,"column":4},"end":{"line":9,"column":38}},"4":{"start":{"line":13,"column":20},"end":{"line":13,"column":64}},"5":{"start":{"line":15,"column":4},"end":{"line":36,"column":5}},"6":{"start":{"line":16,"column":25},"end":{"line":16,"column":54}},"7":{"start":{"line":19,"column":6},"end":{"line":21,"column":7}},"8":{"start":{"line":20,"column":8},"end":{"line":20,"column":78}},"9":{"start":{"line":23,"column":6},"end":{"line":25,"column":7}},"10":{"start":{"line":24,"column":8},"end":{"line":24,"column":94}},"11":{"start":{"line":27,"column":6},"end":{"line":29,"column":7}},"12":{"start":{"line":28,"column":8},"end":{"line":28,"column":76}},"13":{"start":{"line":31,"column":6},"end":{"line":33,"column":7}},"14":{"start":{"line":32,"column":8},"end":{"line":32,"column":78}},"15":{"start":{"line":35,"column":6},"end":{"line":35,"column":66}},"16":{"start":{"line":39,"column":4},"end":{"line":41,"column":5}},"17":{"start":{"line":40,"column":6},"end":{"line":40,"column":68}},"18":{"start":{"line":43,"column":4},"end":{"line":43,"column":16}},"19":{"start":{"line":6,"column":13},"end":{"line":6,"column":25}},"20":{"start":{"line":6,"column":13},"end":{"line":45,"column":null}}},"fnMap":{"0":{"name":"(anonymous_1)","decl":{"start":{"line":7,"column":2},"end":{"line":7,"column":13}},"loc":{"start":{"line":7,"column":39},"end":{"line":10,"column":3}}},"1":{"name":"(anonymous_2)","decl":{"start":{"line":12,"column":2},"end":{"line":12,"column":15}},"loc":{"start":{"line":12,"column":73},"end":{"line":44,"column":3}}}},"branchMap":{"0":{"loc":{"start":{"line":15,"column":4},"end":{"line":36,"column":5}},"type":"if","locations":[{"start":{"line":15,"column":4},"end":{"line":36,"column":5}},{"start":{},"end":{}}]},"1":{"loc":{"start":{"line":15,"column":8},"end":{"line":15,"column":20}},"type":"binary-expr","locations":[{"start":{"line":15,"column":8},"end":{"line":15,"column":11}},{"start":{"line":15,"column":15},"end":{"line":15,"column":20}}]},"2":{"loc":{"start":{"line":19,"column":6},"end":{"line":21,"column":7}},"type":"if","locations":[{"start":{"line":19,"column":6},"end":{"line":21,"column":7}},{"start":{},"end":{}}]},"3":{"loc":{"start":{"line":23,"column":6},"end":{"line":25,"column":7}},"type":"if","locations":[{"start":{"line":23,"column":6},"end":{"line":25,"column":7}},{"start":{},"end":{}}]},"4":{"loc":{"start":{"line":27,"column":6},"end":{"line":29,"column":7}},"type":"if","locations":[{"start":{"line":27,"column":6},"end":{"line":29,"column":7}},{"start":{},"end":{}}]},"5":{"loc":{"start":{"line":31,"column":6},"end":{"line":33,"column":7}},"type":"if","locations":[{"start":{"line":31,"column":6},"end":{"line":33,"column":7}},{"start":{},"end":{}}]},"6":{"loc":{"start":{"line":39,"column":4},"end":{"line":41,"column":5}},"type":"if","locations":[{"start":{"line":39,"column":4},"end":{"line":41,"column":5}},{"start":{},"end":{}}]}},"s":{"0":0,"1":0,"2":0,"3":0,"4":0,"5":0,"6":0,"7":0,"8":0,"9":0,"10":0,"11":0,"12":0,"13":0,"14":0,"15":0,"16":0,"17":0,"18":0,"19":0,"20":0},"f":{"0":0,"1":0},"b":{"0":[0,0],"1":[0,0],"2":[0,0],"3":[0,0],"4":[0,0],"5":[0,0],"6":[0,0]}}
,"C:\\Users\\ycloa\\App-WikiPro\\backend\\src\\core\\auth\\guards\\tenant.guard.ts": {"path":"C:\\Users\\ycloa\\App-WikiPro\\backend\\src\\core\\auth\\guards\\tenant.guard.ts","statementMap":{"0":{"start":{"line":1,"column":0},"end":{"line":1,"column":103}},"1":{"start":{"line":2,"column":0},"end":{"line":2,"column":41}},"2":{"start":{"line":5,"column":13},"end":{"line":5,"column":35}},"3":{"start":{"line":6,"column":13},"end":{"line":6,"column":65}},"4":{"start":{"line":9,"column":24},"end":{"line":50,"column":null}},"5":{"start":{"line":12,"column":22},"end":{"line":12,"column":33}},"6":{"start":{"line":10,"column":19},"end":{"line":10,"column":57}},"7":{"start":{"line":15,"column":27},"end":{"line":18,"column":6}},"8":{"start":{"line":20,"column":4},"end":{"line":23,"column":5}},"9":{"start":{"line":22,"column":6},"end":{"line":22,"column":18}},"10":{"start":{"line":25,"column":20},"end":{"line":25,"column":55}},"11":{"start":{"line":26,"column":29},"end":{"line":26,"column":41}},"12":{"start":{"line":28,"column":4},"end":{"line":30,"column":5}},"13":{"start":{"line":29,"column":6},"end":{"line":29,"column":66}},"14":{"start":{"line":32,"column":4},"end":{"line":34,"column":5}},"15":{"start":{"line":33,"column":6},"end":{"line":33,"column":76}},"16":{"start":{"line":37,"column":4},"end":{"line":43,"column":5}},"17":{"start":{"line":38,"column":6},"end":{"line":41,"column":8}},"18":{"start":{"line":42,"column":6},"end":{"line":42,"column":88}},"19":{"start":{"line":46,"column":4},"end":{"line":46,"column":37}},"20":{"start":{"line":48,"column":4},"end":{"line":48,"column":16}},"21":{"start":{"line":9,"column":13},"end":{"line":9,"column":24}},"22":{"start":{"line":9,"column":13},"end":{"line":50,"column":null}}},"fnMap":{"0":{"name":"(anonymous_2)","decl":{"start":{"line":12,"column":2},"end":{"line":12,"column":22}},"loc":{"start":{"line":12,"column":42},"end":{"line":12,"column":46}}},"1":{"name":"(anonymous_3)","decl":{"start":{"line":14,"column":2},"end":{"line":14,"column":13}},"loc":{"start":{"line":14,"column":39},"end":{"line":49,"column":3}}}},"branchMap":{"0":{"loc":{"start":{"line":20,"column":4},"end":{"line":23,"column":5}},"type":"if","locations":[{"start":{"line":20,"column":4},"end":{"line":23,"column":5}},{"start":{},"end":{}}]},"1":{"loc":{"start":{"line":28,"column":4},"end":{"line":30,"column":5}},"type":"if","locations":[{"start":{"line":28,"column":4},"end":{"line":30,"column":5}},{"start":{},"end":{}}]},"2":{"loc":{"start":{"line":32,"column":4},"end":{"line":34,"column":5}},"type":"if","locations":[{"start":{"line":32,"column":4},"end":{"line":34,"column":5}},{"start":{},"end":{}}]},"3":{"loc":{"start":{"line":37,"column":4},"end":{"line":43,"column":5}},"type":"if","locations":[{"start":{"line":37,"column":4},"end":{"line":43,"column":5}},{"start":{},"end":{}}]}},"s":{"0":0,"1":0,"2":0,"3":0,"4":0,"5":0,"6":0,"7":0,"8":0,"9":0,"10":0,"11":0,"12":0,"13":0,"14":0,"15":0,"16":0,"17":0,"18":0,"19":0,"20":0,"21":0,"22":0},"f":{"0":0,"1":0},"b":{"0":[0,0],"1":[0,0],"2":[0,0],"3":[0,0]}}
,"C:\\Users\\ycloa\\App-WikiPro\\backend\\src\\core\\auth\\strategies\\jwt.strategy.ts": {"path":"C:\\Users\\ycloa\\App-WikiPro\\backend\\src\\core\\auth\\strategies\\jwt.strategy.ts","statementMap":{"0":{"start":{"line":1,"column":0},"end":{"line":1,"column":52}},"1":{"start":{"line":2,"column":0},"end":{"line":2,"column":52}},"2":{"start":{"line":3,"column":0},"end":{"line":3,"column":67}},"3":{"start":{"line":4,"column":0},"end":{"line":4,"column":58}},"4":{"start":{"line":5,"column":0},"end":{"line":5,"column":60}},"5":{"start":{"line":8,"column":7},"end":{"line":27,"column":null}},"6":{"start":{"line":13,"column":4},"end":{"line":17,"column":7}},"7":{"start":{"line":10,"column":12},"end":{"line":10,"column":25}},"8":{"start":{"line":21,"column":17},"end":{"line":21,"column":61}},"9":{"start":{"line":22,"column":4},"end":{"line":24,"column":5}},"10":{"start":{"line":23,"column":6},"end":{"line":23,"column":40}},"11":{"start":{"line":25,"column":4},"end":{"line":25,"column":16}},"12":{"start":{"line":8,"column":13},"end":{"line":8,"column":24}},"13":{"start":{"line":8,"column":13},"end":{"line":27,"column":null}}},"fnMap":{"0":{"name":"(anonymous_2)","decl":{"start":{"line":9,"column":2},"end":{"line":9,"column":null}},"loc":{"start":{"line":11,"column":32},"end":{"line":18,"column":3}}},"1":{"name":"(anonymous_3)","decl":{"start":{"line":20,"column":2},"end":{"line":20,"column":7}},"loc":{"start":{"line":20,"column":36},"end":{"line":26,"column":3}}}},"branchMap":{"0":{"loc":{"start":{"line":22,"column":4},"end":{"line":24,"column":5}},"type":"if","locations":[{"start":{"line":22,"column":4},"end":{"line":24,"column":5}},{"start":{},"end":{}}]}},"s":{"0":0,"1":0,"2":0,"3":0,"4":0,"5":0,"6":0,"7":0,"8":0,"9":0,"10":0,"11":0,"12":0,"13":0},"f":{"0":0,"1":0},"b":{"0":[0,0]}}
,"C:\\Users\\ycloa\\App-WikiPro\\backend\\src\\core\\config\\config.module.ts": {"path":"C:\\Users\\ycloa\\App-WikiPro\\backend\\src\\core\\config\\config.module.ts","statementMap":{"0":{"start":{"line":1,"column":0},"end":{"line":1,"column":40}},"1":{"start":{"line":2,"column":0},"end":{"line":2,"column":66}},"2":{"start":{"line":3,"column":0},"end":{"line":3,"column":49}},"3":{"start":{"line":4,"column":0},"end":{"line":4,"column":55}},"4":{"start":{"line":17,"column":7},"end":{"line":17,"column":null}},"5":{"start":{"line":17,"column":13},"end":{"line":17,"column":29}},"6":{"start":{"line":17,"column":13},"end":{"line":17,"column":null}}},"fnMap":{},"branchMap":{},"s":{"0":0,"1":0,"2":0,"3":0,"4":0,"5":0,"6":0},"f":{},"b":{}}
,"C:\\Users\\ycloa\\App-WikiPro\\backend\\src\\core\\config\\config.service.ts": {"path":"C:\\Users\\ycloa\\App-WikiPro\\backend\\src\\core\\config\\config.service.ts","statementMap":{"0":{"start":{"line":1,"column":0},"end":{"line":1,"column":44}},"1":{"start":{"line":2,"column":0},"end":{"line":2,"column":68}},"2":{"start":{"line":33,"column":7},"end":{"line":92,"column":null}},"3":{"start":{"line":34,"column":22},"end":{"line":34,"column":41}},"4":{"start":{"line":37,"column":4},"end":{"line":37,"column":60}},"5":{"start":{"line":41,"column":4},"end":{"line":41,"column":73}},"6":{"start":{"line":45,"column":20},"end":{"line":45,"column":94}},"7":{"start":{"line":46,"column":4},"end":{"line":46,"column":59}},"8":{"start":{"line":46,"column":44},"end":{"line":46,"column":57}},"9":{"start":{"line":50,"column":4},"end":{"line":56,"column":6}},"10":{"start":{"line":60,"column":4},"end":{"line":64,"column":6}},"11":{"start":{"line":68,"column":4},"end":{"line":73,"column":6}},"12":{"start":{"line":77,"column":4},"end":{"line":82,"column":6}},"13":{"start":{"line":86,"column":4},"end":{"line":86,"column":42}},"14":{"start":{"line":90,"column":4},"end":{"line":90,"column":41}},"15":{"start":{"line":33,"column":13},"end":{"line":33,"column":26}},"16":{"start":{"line":33,"column":13},"end":{"line":92,"column":null}}},"fnMap":{"0":{"name":"(anonymous_2)","decl":{"start":{"line":34,"column":2},"end":{"line":34,"column":22}},"loc":{"start":{"line":34,"column":58},"end":{"line":34,"column":62}}},"1":{"name":"(anonymous_3)","decl":{"start":{"line":36,"column":2},"end":{"line":36,"column":6}},"loc":{"start":{"line":36,"column":10},"end":{"line":38,"column":3}}},"2":{"name":"(anonymous_4)","decl":{"start":{"line":40,"column":2},"end":{"line":40,"column":6}},"loc":{"start":{"line":40,"column":13},"end":{"line":42,"column":3}}},"3":{"name":"(anonymous_5)","decl":{"start":{"line":44,"column":2},"end":{"line":44,"column":6}},"loc":{"start":{"line":44,"column":17},"end":{"line":47,"column":3}}},"4":{"name":"(anonymous_6)","decl":{"start":{"line":46,"column":34},"end":{"line":46,"column":40}},"loc":{"start":{"line":46,"column":44},"end":{"line":46,"column":57}}},"5":{"name":"(anonymous_7)","decl":{"start":{"line":49,"column":2},"end":{"line":49,"column":6}},"loc":{"start":{"line":49,"column":14},"end":{"line":57,"column":3}}},"6":{"name":"(anonymous_8)","decl":{"start":{"line":59,"column":2},"end":{"line":59,"column":6}},"loc":{"start":{"line":59,"column":14},"end":{"line":65,"column":3}}},"7":{"name":"(anonymous_9)","decl":{"start":{"line":67,"column":2},"end":{"line":67,"column":6}},"loc":{"start":{"line":67,"column":8},"end":{"line":74,"column":3}}},"8":{"name":"(anonymous_10)","decl":{"start":{"line":76,"column":2},"end":{"line":76,"column":6}},"loc":{"start":{"line":76,"column":15},"end":{"line":83,"column":3}}},"9":{"name":"(anonymous_11)","decl":{"start":{"line":85,"column":2},"end":{"line":85,"column":6}},"loc":{"start":{"line":85,"column":19},"end":{"line":87,"column":3}}},"10":{"name":"(anonymous_12)","decl":{"start":{"line":89,"column":2},"end":{"line":89,"column":6}},"loc":{"start":{"line":89,"column":18},"end":{"line":91,"column":3}}}},"branchMap":{},"s":{"0":3,"1":3,"2":3,"3":0,"4":0,"5":0,"6":0,"7":0,"8":0,"9":0,"10":0,"11":0,"12":0,"13":0,"14":0,"15":3,"16":3},"f":{"0":0,"1":0,"2":0,"3":0,"4":0,"5":0,"6":0,"7":0,"8":0,"9":0,"10":0},"b":{}}
,"C:\\Users\\ycloa\\App-WikiPro\\backend\\src\\core\\config\\config.validation.ts": {"path":"C:\\Users\\ycloa\\App-WikiPro\\backend\\src\\core\\config\\config.validation.ts","statementMap":{"0":{"start":{"line":92,"column":0},"end":{"line":92,"column":16}},"1":{"start":{"line":1,"column":0},"end":{"line":1,"column":60}},"2":{"start":{"line":2,"column":0},"end":{"line":2,"column":100}},"3":{"start":{"line":10,"column":2},"end":{"line":10,"column":14}},"4":{"start":{"line":14,"column":2},"end":{"line":14,"column":27}},"5":{"start":{"line":18,"column":2},"end":{"line":18,"column":40}},"6":{"start":{"line":22,"column":2},"end":{"line":22,"column":24}},"7":{"start":{"line":27,"column":2},"end":{"line":27,"column":17}},"8":{"start":{"line":31,"column":2},"end":{"line":31,"column":27}},"9":{"start":{"line":35,"column":2},"end":{"line":35,"column":19}},"10":{"start":{"line":39,"column":2},"end":{"line":39,"column":26}},"11":{"start":{"line":43,"column":2},"end":{"line":43,"column":49}},"12":{"start":{"line":47,"column":2},"end":{"line":47,"column":25}},"13":{"start":{"line":54,"column":2},"end":{"line":54,"column":21}},"14":{"start":{"line":58,"column":2},"end":{"line":58,"column":22}},"15":{"start":{"line":62,"column":2},"end":{"line":62,"column":40}},"16":{"start":{"line":69,"column":2},"end":{"line":69,"column":23}},"17":{"start":{"line":76,"column":2},"end":{"line":76,"column":23}},"18":{"start":{"line":81,"column":2},"end":{"line":81,"column":28}},"19":{"start":{"line":4,"column":0},"end":{"line":4,"column":13}},"20":{"start":{"line":10,"column":2},"end":{"line":10,"column":null}},"21":{"start":{"line":7,"column":28},"end":{"line":7,"column":47}},"22":{"start":{"line":14,"column":2},"end":{"line":14,"column":null}},"23":{"start":{"line":18,"column":2},"end":{"line":18,"column":null}},"24":{"start":{"line":22,"column":2},"end":{"line":22,"column":null}},"25":{"start":{"line":27,"column":2},"end":{"line":27,"column":null}},"26":{"start":{"line":26,"column":28},"end":{"line":26,"column":47}},"27":{"start":{"line":31,"column":2},"end":{"line":31,"column":null}},"28":{"start":{"line":35,"column":2},"end":{"line":35,"column":null}},"29":{"start":{"line":39,"column":2},"end":{"line":39,"column":null}},"30":{"start":{"line":43,"column":2},"end":{"line":43,"column":null}},"31":{"start":{"line":47,"column":2},"end":{"line":47,"column":null}},"32":{"start":{"line":54,"column":2},"end":{"line":54,"column":null}},"33":{"start":{"line":51,"column":28},"end":{"line":51,"column":47}},"34":{"start":{"line":58,"column":2},"end":{"line":58,"column":null}},"35":{"start":{"line":62,"column":2},"end":{"line":62,"column":null}},"36":{"start":{"line":69,"column":2},"end":{"line":69,"column":null}},"37":{"start":{"line":66,"column":28},"end":{"line":66,"column":47}},"38":{"start":{"line":76,"column":2},"end":{"line":76,"column":null}},"39":{"start":{"line":73,"column":28},"end":{"line":73,"column":45}},"40":{"start":{"line":81,"column":2},"end":{"line":81,"column":null}},"41":{"start":{"line":80,"column":28},"end":{"line":80,"column":44}},"42":{"start":{"line":85,"column":2},"end":{"line":85,"column":null}},"43":{"start":{"line":89,"column":2},"end":{"line":89,"column":null}},"44":{"start":{"line":93,"column":26},"end":{"line":95,"column":4}},"45":{"start":{"line":97,"column":17},"end":{"line":99,"column":4}},"46":{"start":{"line":101,"column":2},"end":{"line":103,"column":3}},"47":{"start":{"line":102,"column":4},"end":{"line":102,"column":76}},"48":{"start":{"line":105,"column":2},"end":{"line":105,"column":25}}},"fnMap":{"0":{"name":"(anonymous_2)","decl":{"start":{"line":4,"column":0},"end":{"line":4,"column":13}},"loc":{"start":{"line":4,"column":0},"end":{"line":90,"column":1}}},"1":{"name":"(anonymous_3)","decl":{"start":{"line":7,"column":13},"end":{"line":7,"column":14}},"loc":{"start":{"line":7,"column":28},"end":{"line":7,"column":47}}},"2":{"name":"(anonymous_4)","decl":{"start":{"line":26,"column":13},"end":{"line":26,"column":14}},"loc":{"start":{"line":26,"column":28},"end":{"line":26,"column":47}}},"3":{"name":"(anonymous_5)","decl":{"start":{"line":51,"column":13},"end":{"line":51,"column":14}},"loc":{"start":{"line":51,"column":28},"end":{"line":51,"column":47}}},"4":{"name":"(anonymous_6)","decl":{"start":{"line":66,"column":13},"end":{"line":66,"column":14}},"loc":{"start":{"line":66,"column":28},"end":{"line":66,"column":47}}},"5":{"name":"(anonymous_7)","decl":{"start":{"line":73,"column":13},"end":{"line":73,"column":14}},"loc":{"start":{"line":73,"column":28},"end":{"line":73,"column":45}}},"6":{"name":"(anonymous_8)","decl":{"start":{"line":80,"column":13},"end":{"line":80,"column":14}},"loc":{"start":{"line":80,"column":28},"end":{"line":80,"column":44}}},"7":{"name":"configValidation","decl":{"start":{"line":92,"column":16},"end":{"line":92,"column":32}},"loc":{"start":{"line":92,"column":64},"end":{"line":106,"column":1}}}},"branchMap":{"0":{"loc":{"start":{"line":101,"column":2},"end":{"line":103,"column":3}},"type":"if","locations":[{"start":{"line":101,"column":2},"end":{"line":103,"column":3}},{"start":{},"end":{}}]}},"s":{"0":0,"1":0,"2":0,"3":0,"4":0,"5":0,"6":0,"7":0,"8":0,"9":0,"10":0,"11":0,"12":0,"13":0,"14":0,"15":0,"16":0,"17":0,"18":0,"19":0,"20":0,"21":0,"22":0,"23":0,"24":0,"25":0,"26":0,"27":0,"28":0,"29":0,"30":0,"31":0,"32":0,"33":0,"34":0,"35":0,"36":0,"37":0,"38":0,"39":0,"40":0,"41":0,"42":0,"43":0,"44":0,"45":0,"46":0,"47":0,"48":0},"f":{"0":0,"1":0,"2":0,"3":0,"4":0,"5":0,"6":0,"7":0},"b":{"0":[0,0]}}
,"C:\\Users\\ycloa\\App-WikiPro\\backend\\src\\core\\entities\\index.ts": {"path":"C:\\Users\\ycloa\\App-WikiPro\\backend\\src\\core\\entities\\index.ts","statementMap":{"0":{"start":{"line":1,"column":0},"end":{"line":1,"column":9}},"1":{"start":{"line":1,"column":9},"end":{"line":1,"column":41}},"2":{"start":{"line":2,"column":0},"end":{"line":2,"column":9}},"3":{"start":{"line":2,"column":9},"end":{"line":2,"column":15}},"4":{"start":{"line":2,"column":15},"end":{"line":2,"column":25}},"5":{"start":{"line":2,"column":25},"end":{"line":2,"column":59}},"6":{"start":{"line":3,"column":0},"end":{"line":3,"column":9}},"7":{"start":{"line":3,"column":9},"end":{"line":3,"column":18}},"8":{"start":{"line":3,"column":18},"end":{"line":3,"column":74}},"9":{"start":{"line":4,"column":0},"end":{"line":4,"column":9}},"10":{"start":{"line":4,"column":9},"end":{"line":4,"column":72}}},"fnMap":{"0":{"name":"(anonymous_0)","decl":{"start":{"line":1,"column":9},"end":{"line":1,"column":15}},"loc":{"start":{"line":1,"column":9},"end":{"line":1,"column":41}}},"1":{"name":"(anonymous_1)","decl":{"start":{"line":2,"column":9},"end":{"line":2,"column":13}},"loc":{"start":{"line":2,"column":9},"end":{"line":2,"column":15}}},"2":{"name":"(anonymous_2)","decl":{"start":{"line":2,"column":15},"end":{"line":2,"column":23}},"loc":{"start":{"line":2,"column":15},"end":{"line":2,"column":25}}},"3":{"name":"(anonymous_3)","decl":{"start":{"line":2,"column":25},"end":{"line":2,"column":35}},"loc":{"start":{"line":2,"column":25},"end":{"line":2,"column":59}}},"4":{"name":"(anonymous_4)","decl":{"start":{"line":3,"column":9},"end":{"line":3,"column":16}},"loc":{"start":{"line":3,"column":9},"end":{"line":3,"column":18}}},"5":{"name":"(anonymous_5)","decl":{"start":{"line":3,"column":18},"end":{"line":3,"column":28}},"loc":{"start":{"line":3,"column":18},"end":{"line":3,"column":74}}},"6":{"name":"(anonymous_6)","decl":{"start":{"line":4,"column":9},"end":{"line":4,"column":21}},"loc":{"start":{"line":4,"column":9},"end":{"line":4,"column":72}}}},"branchMap":{},"s":{"0":3,"1":7,"2":3,"3":5,"4":5,"5":5,"6":3,"7":3,"8":3,"9":3,"10":3},"f":{"0":4,"1":2,"2":2,"3":2,"4":0,"5":0,"6":0},"b":{}}
,"C:\\Users\\ycloa\\App-WikiPro\\backend\\src\\core\\entities\\tenant.entity.ts": {"path":"C:\\Users\\ycloa\\App-WikiPro\\backend\\src\\core\\entities\\tenant.entity.ts","statementMap":{"0":{"start":{"line":1,"column":0},"end":{"line":1,"column":null}},"1":{"start":{"line":9,"column":0},"end":{"line":9,"column":37}},"2":{"start":{"line":12,"column":7},"end":{"line":67,"column":null}},"3":{"start":{"line":51,"column":4},"end":{"line":51,"column":33}},"4":{"start":{"line":56,"column":4},"end":{"line":56,"column":26}},"5":{"start":{"line":60,"column":4},"end":{"line":60,"column":44}},"6":{"start":{"line":60,"column":31},"end":{"line":60,"column":44}},"7":{"start":{"line":61,"column":4},"end":{"line":61,"column":45}},"8":{"start":{"line":65,"column":4},"end":{"line":65,"column":52}},"9":{"start":{"line":12,"column":13},"end":{"line":12,"column":19}},"10":{"start":{"line":14,"column":2},"end":{"line":14,"column":null}},"11":{"start":{"line":17,"column":2},"end":{"line":17,"column":null}},"12":{"start":{"line":20,"column":2},"end":{"line":20,"column":null}},"13":{"start":{"line":23,"column":2},"end":{"line":23,"column":null}},"14":{"start":{"line":26,"column":2},"end":{"line":26,"column":null}},"15":{"start":{"line":29,"column":2},"end":{"line":29,"column":null}},"16":{"start":{"line":32,"column":2},"end":{"line":32,"column":null}},"17":{"start":{"line":35,"column":2},"end":{"line":35,"column":null}},"18":{"start":{"line":38,"column":2},"end":{"line":38,"column":null}},"19":{"start":{"line":41,"column":2},"end":{"line":41,"column":null}},"20":{"start":{"line":44,"column":2},"end":{"line":44,"column":null}},"21":{"start":{"line":48,"column":2},"end":{"line":48,"column":null}},"22":{"start":{"line":47,"column":19},"end":{"line":47,"column":23}},"23":{"start":{"line":47,"column":35},"end":{"line":47,"column":46}},"24":{"start":{"line":12,"column":13},"end":{"line":67,"column":null}}},"fnMap":{"0":{"name":"(anonymous_2)","decl":{"start":{"line":50,"column":2},"end":{"line":50,"column":14}},"loc":{"start":{"line":50,"column":43},"end":{"line":52,"column":3}}},"1":{"name":"(anonymous_3)","decl":{"start":{"line":55,"column":2},"end":{"line":55,"column":10}},"loc":{"start":{"line":55,"column":10},"end":{"line":57,"column":3}}},"2":{"name":"(anonymous_4)","decl":{"start":{"line":59,"column":2},"end":{"line":59,"column":15}},"loc":{"start":{"line":59,"column":15},"end":{"line":62,"column":3}}},"3":{"name":"(anonymous_5)","decl":{"start":{"line":64,"column":2},"end":{"line":64,"column":11}},"loc":{"start":{"line":64,"column":11},"end":{"line":66,"column":3}}},"4":{"name":"(anonymous_6)","decl":{"start":{"line":47,"column":13},"end":{"line":47,"column":16}},"loc":{"start":{"line":47,"column":19},"end":{"line":47,"column":23}}},"5":{"name":"(anonymous_7)","decl":{"start":{"line":47,"column":25},"end":{"line":47,"column":26}},"loc":{"start":{"line":47,"column":35},"end":{"line":47,"column":46}}}},"branchMap":{"0":{"loc":{"start":{"line":50,"column":14},"end":{"line":50,"column":43}},"type":"default-arg","locations":[{"start":{"line":50,"column":41},"end":{"line":50,"column":43}}]},"1":{"loc":{"start":{"line":60,"column":4},"end":{"line":60,"column":44}},"type":"if","locations":[{"start":{"line":60,"column":4},"end":{"line":60,"column":44}},{"start":{},"end":{}}]},"2":{"loc":{"start":{"line":65,"column":11},"end":{"line":65,"column":51}},"type":"binary-expr","locations":[{"start":{"line":65,"column":11},"end":{"line":65,"column":26}},{"start":{"line":65,"column":30},"end":{"line":65,"column":51}}]}},"s":{"0":3,"1":3,"2":3,"3":0,"4":0,"5":0,"6":0,"7":0,"8":0,"9":3,"10":3,"11":3,"12":3,"13":3,"14":3,"15":3,"16":3,"17":3,"18":3,"19":3,"20":3,"21":3,"22":0,"23":0,"24":3},"f":{"0":0,"1":0,"2":0,"3":0,"4":0,"5":0},"b":{"0":[0],"1":[0,0],"2":[0,0]}}
,"C:\\Users\\ycloa\\App-WikiPro\\backend\\src\\core\\entities\\user.entity.ts": {"path":"C:\\Users\\ycloa\\App-WikiPro\\backend\\src\\core\\entities\\user.entity.ts","statementMap":{"0":{"start":{"line":1,"column":0},"end":{"line":1,"column":null}},"1":{"start":{"line":11,"column":0},"end":{"line":11,"column":41}},"2":{"start":{"line":13,"column":0},"end":{"line":13,"column":null}},"3":{"start":{"line":14,"column":2},"end":{"line":14,"column":null}},"4":{"start":{"line":15,"column":2},"end":{"line":15,"column":null}},"5":{"start":{"line":16,"column":2},"end":{"line":16,"column":null}},"6":{"start":{"line":17,"column":2},"end":{"line":17,"column":null}},"7":{"start":{"line":20,"column":0},"end":{"line":20,"column":null}},"8":{"start":{"line":21,"column":2},"end":{"line":21,"column":null}},"9":{"start":{"line":22,"column":2},"end":{"line":22,"column":null}},"10":{"start":{"line":23,"column":2},"end":{"line":23,"column":null}},"11":{"start":{"line":24,"column":2},"end":{"line":24,"column":null}},"12":{"start":{"line":29,"column":7},"end":{"line":140,"column":null}},"13":{"start":{"line":97,"column":4},"end":{"line":97,"column":33}},"14":{"start":{"line":102,"column":4},"end":{"line":102,"column":45}},"15":{"start":{"line":106,"column":4},"end":{"line":106,"column":78}},"16":{"start":{"line":110,"column":4},"end":{"line":110,"column":46}},"17":{"start":{"line":114,"column":4},"end":{"line":114,"column":55}},"18":{"start":{"line":118,"column":4},"end":{"line":118,"column":30}},"19":{"start":{"line":122,"column":4},"end":{"line":124,"column":5}},"20":{"start":{"line":123,"column":6},"end":{"line":123,"column":52}},"21":{"start":{"line":125,"column":4},"end":{"line":125,"column":35}},"22":{"start":{"line":129,"column":4},"end":{"line":129,"column":36}},"23":{"start":{"line":130,"column":4},"end":{"line":132,"column":5}},"24":{"start":{"line":131,"column":6},"end":{"line":131,"column":30}},"25":{"start":{"line":137,"column":45},"end":{"line":137,"column":49}},"26":{"start":{"line":138,"column":4},"end":{"line":138,"column":22}},"27":{"start":{"line":29,"column":13},"end":{"line":29,"column":17}},"28":{"start":{"line":31,"column":2},"end":{"line":31,"column":null}},"29":{"start":{"line":34,"column":2},"end":{"line":34,"column":null}},"30":{"start":{"line":37,"column":2},"end":{"line":37,"column":null}},"31":{"start":{"line":40,"column":2},"end":{"line":40,"column":null}},"32":{"start":{"line":43,"column":2},"end":{"line":43,"column":null}},"33":{"start":{"line":46,"column":2},"end":{"line":46,"column":null}},"34":{"start":{"line":49,"column":2},"end":{"line":49,"column":null}},"35":{"start":{"line":56,"column":2},"end":{"line":56,"column":null}},"36":{"start":{"line":63,"column":2},"end":{"line":63,"column":null}},"37":{"start":{"line":66,"column":2},"end":{"line":66,"column":null}},"38":{"start":{"line":69,"column":2},"end":{"line":69,"column":null}},"39":{"start":{"line":72,"column":2},"end":{"line":72,"column":null}},"40":{"start":{"line":75,"column":2},"end":{"line":75,"column":null}},"41":{"start":{"line":78,"column":2},"end":{"line":78,"column":null}},"42":{"start":{"line":81,"column":2},"end":{"line":81,"column":null}},"43":{"start":{"line":84,"column":2},"end":{"line":84,"column":null}},"44":{"start":{"line":87,"column":2},"end":{"line":87,"column":null}},"45":{"start":{"line":94,"column":2},"end":{"line":94,"column":null}},"46":{"start":{"line":90,"column":19},"end":{"line":90,"column":25}},"47":{"start":{"line":90,"column":39},"end":{"line":90,"column":51}},"48":{"start":{"line":29,"column":13},"end":{"line":140,"column":null}}},"fnMap":{"0":{"name":"(anonymous_2)","decl":{"start":{"line":13,"column":0},"end":{"line":13,"column":12}},"loc":{"start":{"line":13,"column":20},"end":{"line":18,"column":1}}},"1":{"name":"(anonymous_3)","decl":{"start":{"line":20,"column":0},"end":{"line":20,"column":12}},"loc":{"start":{"line":20,"column":22},"end":{"line":25,"column":1}}},"2":{"name":"(anonymous_4)","decl":{"start":{"line":96,"column":2},"end":{"line":96,"column":14}},"loc":{"start":{"line":96,"column":41},"end":{"line":98,"column":3}}},"3":{"name":"(anonymous_5)","decl":{"start":{"line":101,"column":2},"end":{"line":101,"column":10}},"loc":{"start":{"line":101,"column":10},"end":{"line":103,"column":3}}},"4":{"name":"(anonymous_6)","decl":{"start":{"line":105,"column":2},"end":{"line":105,"column":9}},"loc":{"start":{"line":105,"column":9},"end":{"line":107,"column":3}}},"5":{"name":"(anonymous_7)","decl":{"start":{"line":109,"column":2},"end":{"line":109,"column":14}},"loc":{"start":{"line":109,"column":14},"end":{"line":111,"column":3}}},"6":{"name":"(anonymous_8)","decl":{"start":{"line":113,"column":2},"end":{"line":113,"column":11}},"loc":{"start":{"line":113,"column":11},"end":{"line":115,"column":3}}},"7":{"name":"(anonymous_9)","decl":{"start":{"line":117,"column":2},"end":{"line":117,"column":9}},"loc":{"start":{"line":117,"column":24},"end":{"line":119,"column":3}}},"8":{"name":"(anonymous_10)","decl":{"start":{"line":121,"column":2},"end":{"line":121,"column":13}},"loc":{"start":{"line":121,"column":13},"end":{"line":126,"column":3}}},"9":{"name":"(anonymous_11)","decl":{"start":{"line":128,"column":2},"end":{"line":128,"column":17}},"loc":{"start":{"line":128,"column":29},"end":{"line":133,"column":3}}},"10":{"name":"(anonymous_12)","decl":{"start":{"line":136,"column":2},"end":{"line":136,"column":10}},"loc":{"start":{"line":136,"column":10},"end":{"line":139,"column":3}}},"11":{"name":"(anonymous_13)","decl":{"start":{"line":90,"column":13},"end":{"line":90,"column":16}},"loc":{"start":{"line":90,"column":19},"end":{"line":90,"column":25}}},"12":{"name":"(anonymous_14)","decl":{"start":{"line":90,"column":27},"end":{"line":90,"column":28}},"loc":{"start":{"line":90,"column":39},"end":{"line":90,"column":51}}}},"branchMap":{"0":{"loc":{"start":{"line":13,"column":12},"end":{"line":13,"column":null}},"type":"binary-expr","locations":[{"start":{"line":13,"column":12},"end":{"line":13,"column":20}},{"start":{"line":13,"column":20},"end":{"line":13,"column":null}}]},"1":{"loc":{"start":{"line":20,"column":12},"end":{"line":20,"column":null}},"type":"binary-expr","locations":[{"start":{"line":20,"column":12},"end":{"line":20,"column":22}},{"start":{"line":20,"column":22},"end":{"line":20,"column":null}}]},"2":{"loc":{"start":{"line":96,"column":14},"end":{"line":96,"column":41}},"type":"default-arg","locations":[{"start":{"line":96,"column":39},"end":{"line":96,"column":41}}]},"3":{"loc":{"start":{"line":106,"column":11},"end":{"line":106,"column":77}},"type":"binary-expr","locations":[{"start":{"line":106,"column":11},"end":{"line":106,"column":39}},{"start":{"line":106,"column":43},"end":{"line":106,"column":77}}]},"4":{"loc":{"start":{"line":114,"column":11},"end":{"line":114,"column":54}},"type":"binary-expr","locations":[{"start":{"line":114,"column":11},"end":{"line":114,"column":26}},{"start":{"line":114,"column":30},"end":{"line":114,"column":54}}]},"5":{"loc":{"start":{"line":122,"column":4},"end":{"line":124,"column":5}},"type":"if","locations":[{"start":{"line":122,"column":4},"end":{"line":124,"column":5}},{"start":{},"end":{}}]},"6":{"loc":{"start":{"line":122,"column":8},"end":{"line":122,"column":41}},"type":"binary-expr","locations":[{"start":{"line":122,"column":8},"end":{"line":122,"column":23}},{"start":{"line":122,"column":27},"end":{"line":122,"column":41}}]},"7":{"loc":{"start":{"line":125,"column":11},"end":{"line":125,"column":34}},"type":"binary-expr","locations":[{"start":{"line":125,"column":11},"end":{"line":125,"column":20}},{"start":{"line":125,"column":24},"end":{"line":125,"column":34}}]},"8":{"loc":{"start":{"line":130,"column":4},"end":{"line":132,"column":5}},"type":"if","locations":[{"start":{"line":130,"column":4},"end":{"line":132,"column":5}},{"start":{},"end":{}}]}},"s":{"0":3,"1":3,"2":3,"3":3,"4":3,"5":3,"6":3,"7":3,"8":3,"9":3,"10":3,"11":3,"12":3,"13":0,"14":0,"15":0,"16":0,"17":0,"18":0,"19":0,"20":0,"21":0,"22":0,"23":0,"24":0,"25":0,"26":0,"27":3,"28":3,"29":3,"30":3,"31":3,"32":3,"33":3,"34":3,"35":3,"36":3,"37":3,"38":3,"39":3,"40":3,"41":3,"42":3,"43":3,"44":3,"45":3,"46":0,"47":0,"48":3},"f":{"0":3,"1":3,"2":0,"3":0,"4":0,"5":0,"6":0,"7":0,"8":0,"9":0,"10":0,"11":0,"12":0},"b":{"0":[3,3],"1":[3,3],"2":[0],"3":[0,0],"4":[0,0],"5":[0,0],"6":[0,0],"7":[0,0],"8":[0,0]}}
,"C:\\Users\\ycloa\\App-WikiPro\\backend\\src\\core\\registry\\registry.controller.ts": {"path":"C:\\Users\\ycloa\\App-WikiPro\\backend\\src\\core\\registry\\registry.controller.ts","statementMap":{"0":{"start":{"line":1,"column":0},"end":{"line":1,"column":73}},"1":{"start":{"line":2,"column":0},"end":{"line":2,"column":45}},"2":{"start":{"line":3,"column":0},"end":{"line":3,"column":94}},"3":{"start":{"line":4,"column":0},"end":{"line":4,"column":53}},"4":{"start":{"line":10,"column":7},"end":{"line":104,"column":null}},"5":{"start":{"line":11,"column":22},"end":{"line":11,"column":39}},"6":{"start":{"line":17,"column":4},"end":{"line":20,"column":6}},"7":{"start":{"line":28,"column":22},"end":{"line":28,"column":58}},"8":{"start":{"line":29,"column":4},"end":{"line":37,"column":6}},"9":{"start":{"line":31,"column":44},"end":{"line":36,"column":8}},"10":{"start":{"line":45,"column":21},"end":{"line":45,"column":55}},"11":{"start":{"line":47,"column":4},"end":{"line":49,"column":5}},"12":{"start":{"line":48,"column":6},"end":{"line":48,"column":92}},"13":{"start":{"line":51,"column":4},"end":{"line":58,"column":6}},"14":{"start":{"line":70,"column":20},"end":{"line":70,"column":70}},"15":{"start":{"line":72,"column":4},"end":{"line":80,"column":6}},"16":{"start":{"line":78,"column":60},"end":{"line":78,"column":62}},"17":{"start":{"line":87,"column":4},"end":{"line":89,"column":6}},"18":{"start":{"line":96,"column":22},"end":{"line":96,"column":60}},"19":{"start":{"line":97,"column":4},"end":{"line":102,"column":6}},"20":{"start":{"line":10,"column":13},"end":{"line":10,"column":31}},"21":{"start":{"line":16,"column":2},"end":{"line":21,"column":null}},"22":{"start":{"line":27,"column":2},"end":{"line":38,"column":null}},"23":{"start":{"line":44,"column":2},"end":{"line":59,"column":null}},"24":{"start":{"line":66,"column":8},"end":{"line":81,"column":null}},"25":{"start":{"line":86,"column":2},"end":{"line":90,"column":null}},"26":{"start":{"line":95,"column":2},"end":{"line":103,"column":null}},"27":{"start":{"line":10,"column":13},"end":{"line":104,"column":null}}},"fnMap":{"0":{"name":"(anonymous_4)","decl":{"start":{"line":11,"column":2},"end":{"line":11,"column":22}},"loc":{"start":{"line":11,"column":54},"end":{"line":11,"column":58}}},"1":{"name":"(anonymous_5)","decl":{"start":{"line":16,"column":2},"end":{"line":16,"column":17}},"loc":{"start":{"line":16,"column":17},"end":{"line":21,"column":3}}},"2":{"name":"(anonymous_6)","decl":{"start":{"line":27,"column":2},"end":{"line":27,"column":20}},"loc":{"start":{"line":27,"column":48},"end":{"line":38,"column":3}}},"3":{"name":"(anonymous_7)","decl":{"start":{"line":31,"column":31},"end":{"line":31,"column":39}},"loc":{"start":{"line":31,"column":44},"end":{"line":36,"column":8}}},"4":{"name":"(anonymous_8)","decl":{"start":{"line":44,"column":2},"end":{"line":44,"column":17}},"loc":{"start":{"line":44,"column":45},"end":{"line":59,"column":3}}},"5":{"name":"(anonymous_9)","decl":{"start":{"line":66,"column":8},"end":{"line":66,"column":19}},"loc":{"start":{"line":68,"column":32},"end":{"line":81,"column":3}}},"6":{"name":"(anonymous_10)","decl":{"start":{"line":78,"column":55},"end":{"line":78,"column":56}},"loc":{"start":{"line":78,"column":60},"end":{"line":78,"column":62}}},"7":{"name":"(anonymous_11)","decl":{"start":{"line":86,"column":2},"end":{"line":86,"column":18}},"loc":{"start":{"line":86,"column":18},"end":{"line":90,"column":3}}},"8":{"name":"(anonymous_12)","decl":{"start":{"line":95,"column":2},"end":{"line":95,"column":19}},"loc":{"start":{"line":95,"column":19},"end":{"line":103,"column":3}}}},"branchMap":{"0":{"loc":{"start":{"line":47,"column":4},"end":{"line":49,"column":5}},"type":"if","locations":[{"start":{"line":47,"column":4},"end":{"line":49,"column":5}},{"start":{},"end":{}}]}},"s":{"0":0,"1":0,"2":0,"3":0,"4":0,"5":0,"6":0,"7":0,"8":0,"9":0,"10":0,"11":0,"12":0,"13":0,"14":0,"15":0,"16":0,"17":0,"18":0,"19":0,"20":0,"21":0,"22":0,"23":0,"24":0,"25":0,"26":0,"27":0},"f":{"0":0,"1":0,"2":0,"3":0,"4":0,"5":0,"6":0,"7":0,"8":0},"b":{"0":[0,0]}}
,"C:\\Users\\ycloa\\App-WikiPro\\backend\\src\\core\\registry\\registry.module.ts": {"path":"C:\\Users\\ycloa\\App-WikiPro\\backend\\src\\core\\registry\\registry.module.ts","statementMap":{"0":{"start":{"line":1,"column":0},"end":{"line":1,"column":40}},"1":{"start":{"line":2,"column":0},"end":{"line":2,"column":53}},"2":{"start":{"line":3,"column":0},"end":{"line":3,"column":59}},"3":{"start":{"line":10,"column":7},"end":{"line":10,"column":null}},"4":{"start":{"line":10,"column":13},"end":{"line":10,"column":27}},"5":{"start":{"line":10,"column":13},"end":{"line":10,"column":null}}},"fnMap":{},"branchMap":{},"s":{"0":0,"1":0,"2":0,"3":0,"4":0,"5":0},"f":{},"b":{}}
,"C:\\Users\\ycloa\\App-WikiPro\\backend\\src\\core\\registry\\registry.service.ts": {"path":"C:\\Users\\ycloa\\App-WikiPro\\backend\\src\\core\\registry\\registry.service.ts","statementMap":{"0":{"start":{"line":1,"column":0},"end":{"line":1,"column":66}},"1":{"start":{"line":13,"column":28},"end":{"line":201,"column":null}},"2":{"start":{"line":14,"column":19},"end":{"line":14,"column":61}},"3":{"start":{"line":15,"column":19},"end":{"line":15,"column":64}},"4":{"start":{"line":16,"column":19},"end":{"line":16,"column":82}},"5":{"start":{"line":19,"column":4},"end":{"line":19,"column":54}},"6":{"start":{"line":21,"column":4},"end":{"line":21,"column":32}},"7":{"start":{"line":30,"column":16},"end":{"line":30,"column":47}},"8":{"start":{"line":32,"column":4},"end":{"line":34,"column":5}},"9":{"start":{"line":33,"column":6},"end":{"line":33,"column":79}},"10":{"start":{"line":36,"column":36},"end":{"line":41,"column":6}},"11":{"start":{"line":43,"column":4},"end":{"line":43,"column":35}},"12":{"start":{"line":46,"column":4},"end":{"line":48,"column":5}},"13":{"start":{"line":47,"column":6},"end":{"line":47,"column":47}},"14":{"start":{"line":49,"column":4},"end":{"line":49,"column":52}},"15":{"start":{"line":51,"column":4},"end":{"line":51,"column":82}},"16":{"start":{"line":55,"column":16},"end":{"line":55,"column":47}},"17":{"start":{"line":57,"column":20},"end":{"line":57,"column":46}},"18":{"start":{"line":59,"column":25},"end":{"line":59,"column":54}},"19":{"start":{"line":60,"column":4},"end":{"line":65,"column":5}},"20":{"start":{"line":61,"column":6},"end":{"line":61,"column":32}},"21":{"start":{"line":62,"column":6},"end":{"line":64,"column":7}},"22":{"start":{"line":63,"column":8},"end":{"line":63,"column":41}},"23":{"start":{"line":67,"column":4},"end":{"line":69,"column":5}},"24":{"start":{"line":68,"column":6},"end":{"line":68,"column":56}},"25":{"start":{"line":71,"column":4},"end":{"line":71,"column":19}},"26":{"start":{"line":75,"column":16},"end":{"line":75,"column":47}},"27":{"start":{"line":76,"column":18},"end":{"line":76,"column":41}},"28":{"start":{"line":77,"column":4},"end":{"line":77,"column":48}},"29":{"start":{"line":81,"column":25},"end":{"line":81,"column":54}},"30":{"start":{"line":82,"column":4},"end":{"line":82,"column":33}},"31":{"start":{"line":82,"column":23},"end":{"line":82,"column":33}},"32":{"start":{"line":84,"column":4},"end":{"line":87,"column":41}},"33":{"start":{"line":85,"column":23},"end":{"line":85,"column":43}},"34":{"start":{"line":86,"column":22},"end":{"line":86,"column":59}},"35":{"start":{"line":87,"column":20},"end":{"line":87,"column":39}},"36":{"start":{"line":91,"column":22},"end":{"line":91,"column":45}},"37":{"start":{"line":94,"column":29},"end":{"line":98,"column":6}},"38":{"start":{"line":95,"column":18},"end":{"line":95,"column":58}},"39":{"start":{"line":96,"column":20},"end":{"line":96,"column":43}},"40":{"start":{"line":97,"column":6},"end":{"line":97,"column":47}},"41":{"start":{"line":100,"column":4},"end":{"line":100,"column":68}},"42":{"start":{"line":104,"column":4},"end":{"line":104,"column":35}},"43":{"start":{"line":108,"column":4},"end":{"line":108,"column":50}},"44":{"start":{"line":121,"column":4},"end":{"line":133,"column":7}},"45":{"start":{"line":122,"column":27},"end":{"line":122,"column":41}},"46":{"start":{"line":123,"column":6},"end":{"line":132,"column":8}},"47":{"start":{"line":137,"column":20},"end":{"line":137,"column":46}},"48":{"start":{"line":139,"column":4},"end":{"line":155,"column":5}},"49":{"start":{"line":141,"column":23},"end":{"line":141,"column":43}},"50":{"start":{"line":142,"column":6},"end":{"line":146,"column":7}},"51":{"start":{"line":143,"column":20},"end":{"line":143,"column":51}},"52":{"start":{"line":144,"column":26},"end":{"line":144,"column":70}},"53":{"start":{"line":145,"column":8},"end":{"line":145,"column":36}},"54":{"start":{"line":149,"column":23},"end":{"line":152,"column":8}},"55":{"start":{"line":150,"column":26},"end":{"line":150,"column":76}},"56":{"start":{"line":151,"column":8},"end":{"line":151,"column":36}},"57":{"start":{"line":154,"column":6},"end":{"line":154,"column":34}},"58":{"start":{"line":157,"column":4},"end":{"line":157,"column":19}},"59":{"start":{"line":161,"column":4},"end":{"line":179,"column":5}},"60":{"start":{"line":162,"column":24},"end":{"line":162,"column":52}},"61":{"start":{"line":163,"column":20},"end":{"line":163,"column":43}},"62":{"start":{"line":165,"column":6},"end":{"line":168,"column":7}},"63":{"start":{"line":166,"column":8},"end":{"line":166,"column":65}},"64":{"start":{"line":167,"column":8},"end":{"line":167,"column":43}},"65":{"start":{"line":170,"column":6},"end":{"line":170,"column":23}},"66":{"start":{"line":172,"column":6},"end":{"line":172,"column":76}},"67":{"start":{"line":173,"column":20},"end":{"line":173,"column":43}},"68":{"start":{"line":174,"column":6},"end":{"line":177,"column":7}},"69":{"start":{"line":175,"column":8},"end":{"line":175,"column":41}},"70":{"start":{"line":176,"column":8},"end":{"line":176,"column":43}},"71":{"start":{"line":178,"column":6},"end":{"line":178,"column":19}},"72":{"start":{"line":183,"column":4},"end":{"line":183,"column":29}},"73":{"start":{"line":187,"column":21},"end":{"line":187,"column":34}},"74":{"start":{"line":189,"column":4},"end":{"line":197,"column":17}},"75":{"start":{"line":190,"column":6},"end":{"line":196,"column":7}},"76":{"start":{"line":191,"column":8},"end":{"line":191,"column":66}},"77":{"start":{"line":192,"column":8},"end":{"line":192,"column":33}},"78":{"start":{"line":193,"column":8},"end":{"line":193,"column":61}},"79":{"start":{"line":195,"column":8},"end":{"line":195,"column":86}},"80":{"start":{"line":199,"column":4},"end":{"line":199,"column":89}},"81":{"start":{"line":13,"column":13},"end":{"line":13,"column":28}},"82":{"start":{"line":13,"column":13},"end":{"line":201,"column":null}}},"fnMap":{"0":{"name":"(anonymous_1)","decl":{"start":{"line":13,"column":7},"end":{"line":13,"column":13}},"loc":{"start":{"line":13,"column":7},"end":{"line":201,"column":1}}},"1":{"name":"(anonymous_2)","decl":{"start":{"line":18,"column":2},"end":{"line":18,"column":7}},"loc":{"start":{"line":18,"column":20},"end":{"line":22,"column":3}}},"2":{"name":"(anonymous_3)","decl":{"start":{"line":24,"column":2},"end":{"line":24,"column":10}},"loc":{"start":{"line":28,"column":26},"end":{"line":52,"column":3}}},"3":{"name":"(anonymous_4)","decl":{"start":{"line":54,"column":2},"end":{"line":54,"column":12}},"loc":{"start":{"line":54,"column":39},"end":{"line":72,"column":3}}},"4":{"name":"(anonymous_5)","decl":{"start":{"line":74,"column":2},"end":{"line":74,"column":5}},"loc":{"start":{"line":74,"column":56},"end":{"line":78,"column":3}}},"5":{"name":"(anonymous_6)","decl":{"start":{"line":80,"column":2},"end":{"line":80,"column":11}},"loc":{"start":{"line":80,"column":48},"end":{"line":88,"column":3}}},"6":{"name":"(anonymous_7)","decl":{"start":{"line":85,"column":14},"end":{"line":85,"column":19}},"loc":{"start":{"line":85,"column":23},"end":{"line":85,"column":43}}},"7":{"name":"(anonymous_8)","decl":{"start":{"line":86,"column":12},"end":{"line":86,"column":13}},"loc":{"start":{"line":86,"column":22},"end":{"line":86,"column":59}}},"8":{"name":"(anonymous_9)","decl":{"start":{"line":87,"column":11},"end":{"line":87,"column":16}},"loc":{"start":{"line":87,"column":20},"end":{"line":87,"column":39}}},"9":{"name":"(anonymous_10)","decl":{"start":{"line":90,"column":2},"end":{"line":90,"column":9}},"loc":{"start":{"line":90,"column":46},"end":{"line":101,"column":3}}},"10":{"name":"(anonymous_11)","decl":{"start":{"line":94,"column":46},"end":{"line":94,"column":54}},"loc":{"start":{"line":94,"column":57},"end":{"line":98,"column":5}}},"11":{"name":"(anonymous_12)","decl":{"start":{"line":103,"column":2},"end":{"line":103,"column":17}},"loc":{"start":{"line":103,"column":17},"end":{"line":105,"column":3}}},"12":{"name":"(anonymous_13)","decl":{"start":{"line":107,"column":2},"end":{"line":107,"column":18}},"loc":{"start":{"line":107,"column":18},"end":{"line":109,"column":3}}},"13":{"name":"(anonymous_14)","decl":{"start":{"line":111,"column":2},"end":{"line":111,"column":18}},"loc":{"start":{"line":111,"column":18},"end":{"line":134,"column":3}}},"14":{"name":"(anonymous_15)","decl":{"start":{"line":121,"column":52},"end":{"line":121,"column":53}},"loc":{"start":{"line":121,"column":69},"end":{"line":133,"column":5}}},"15":{"name":"(anonymous_16)","decl":{"start":{"line":136,"column":2},"end":{"line":136,"column":7}},"loc":{"start":{"line":136,"column":48},"end":{"line":158,"column":3}}},"16":{"name":"(anonymous_17)","decl":{"start":{"line":149,"column":64},"end":{"line":149,"column":69}},"loc":{"start":{"line":149,"column":87},"end":{"line":152,"column":7}}},"17":{"name":"(anonymous_18)","decl":{"start":{"line":160,"column":10},"end":{"line":160,"column":15}},"loc":{"start":{"line":160,"column":70},"end":{"line":180,"column":3}}},"18":{"name":"(anonymous_19)","decl":{"start":{"line":182,"column":10},"end":{"line":182,"column":24}},"loc":{"start":{"line":182,"column":51},"end":{"line":184,"column":3}}},"19":{"name":"(anonymous_20)","decl":{"start":{"line":186,"column":10},"end":{"line":186,"column":30}},"loc":{"start":{"line":186,"column":30},"end":{"line":200,"column":3}}},"20":{"name":"(anonymous_21)","decl":{"start":{"line":189,"column":16},"end":{"line":189,"column":21}},"loc":{"start":{"line":189,"column":27},"end":{"line":197,"column":5}}}},"branchMap":{"0":{"loc":{"start":{"line":32,"column":4},"end":{"line":34,"column":5}},"type":"if","locations":[{"start":{"line":32,"column":4},"end":{"line":34,"column":5}},{"start":{},"end":{}}]},"1":{"loc":{"start":{"line":46,"column":4},"end":{"line":48,"column":5}},"type":"if","locations":[{"start":{"line":46,"column":4},"end":{"line":48,"column":5}},{"start":{},"end":{}}]},"2":{"loc":{"start":{"line":60,"column":4},"end":{"line":65,"column":5}},"type":"if","locations":[{"start":{"line":60,"column":4},"end":{"line":65,"column":5}},{"start":{},"end":{}}]},"3":{"loc":{"start":{"line":62,"column":6},"end":{"line":64,"column":7}},"type":"if","locations":[{"start":{"line":62,"column":6},"end":{"line":64,"column":7}},{"start":{},"end":{}}]},"4":{"loc":{"start":{"line":67,"column":4},"end":{"line":69,"column":5}},"type":"if","locations":[{"start":{"line":67,"column":4},"end":{"line":69,"column":5}},{"start":{},"end":{}}]},"5":{"loc":{"start":{"line":77,"column":11},"end":{"line":77,"column":47}},"type":"cond-expr","locations":[{"start":{"line":77,"column":20},"end":{"line":77,"column":40}},{"start":{"line":77,"column":43},"end":{"line":77,"column":47}}]},"6":{"loc":{"start":{"line":82,"column":4},"end":{"line":82,"column":33}},"type":"if","locations":[{"start":{"line":82,"column":4},"end":{"line":82,"column":33}},{"start":{},"end":{}}]},"7":{"loc":{"start":{"line":100,"column":11},"end":{"line":100,"column":67}},"type":"cond-expr","locations":[{"start":{"line":100,"column":41},"end":{"line":100,"column":60}},{"start":{"line":100,"column":63},"end":{"line":100,"column":67}}]},"8":{"loc":{"start":{"line":139,"column":4},"end":{"line":155,"column":5}},"type":"if","locations":[{"start":{"line":139,"column":4},"end":{"line":155,"column":5}},{"start":{"line":147,"column":11},"end":{"line":155,"column":5}}]},"9":{"loc":{"start":{"line":139,"column":8},"end":{"line":139,"column":20}},"type":"binary-expr","locations":[{"start":{"line":139,"column":8},"end":{"line":139,"column":12}},{"start":{"line":139,"column":16},"end":{"line":139,"column":20}}]},"10":{"loc":{"start":{"line":142,"column":6},"end":{"line":146,"column":7}},"type":"if","locations":[{"start":{"line":142,"column":6},"end":{"line":146,"column":7}},{"start":{},"end":{}}]},"11":{"loc":{"start":{"line":165,"column":6},"end":{"line":168,"column":7}},"type":"if","locations":[{"start":{"line":165,"column":6},"end":{"line":168,"column":7}},{"start":{},"end":{}}]},"12":{"loc":{"start":{"line":166,"column":29},"end":{"line":166,"column":64}},"type":"cond-expr","locations":[{"start":{"line":166,"column":41},"end":{"line":166,"column":50}},{"start":{"line":166,"column":53},"end":{"line":166,"column":64}}]},"13":{"loc":{"start":{"line":174,"column":6},"end":{"line":177,"column":7}},"type":"if","locations":[{"start":{"line":174,"column":6},"end":{"line":177,"column":7}},{"start":{},"end":{}}]}},"s":{"0":1,"1":1,"2":0,"3":0,"4":0,"5":0,"6":0,"7":0,"8":0,"9":0,"10":0,"11":0,"12":0,"13":0,"14":0,"15":0,"16":0,"17":0,"18":0,"19":0,"20":0,"21":0,"22":0,"23":0,"24":0,"25":0,"26":0,"27":0,"28":0,"29":0,"30":0,"31":0,"32":0,"33":0,"34":0,"35":0,"36":0,"37":0,"38":0,"39":0,"40":0,"41":0,"42":0,"43":0,"44":0,"45":0,"46":0,"47":0,"48":0,"49":0,"50":0,"51":0,"52":0,"53":0,"54":0,"55":0,"56":0,"57":0,"58":0,"59":0,"60":0,"61":0,"62":0,"63":0,"64":0,"65":0,"66":0,"67":0,"68":0,"69":0,"70":0,"71":0,"72":0,"73":0,"74":0,"75":0,"76":0,"77":0,"78":0,"79":0,"80":0,"81":1,"82":1},"f":{"0":0,"1":0,"2":0,"3":0,"4":0,"5":0,"6":0,"7":0,"8":0,"9":0,"10":0,"11":0,"12":0,"13":0,"14":0,"15":0,"16":0,"17":0,"18":0,"19":0,"20":0},"b":{"0":[0,0],"1":[0,0],"2":[0,0],"3":[0,0],"4":[0,0],"5":[0,0],"6":[0,0],"7":[0,0],"8":[0,0],"9":[0,0],"10":[0,0],"11":[0,0],"12":[0,0],"13":[0,0]}}
,"C:\\Users\\ycloa\\App-WikiPro\\backend\\src\\core\\sessions\\session.controller.ts": {"path":"C:\\Users\\ycloa\\App-WikiPro\\backend\\src\\core\\sessions\\session.controller.ts","statementMap":{"0":{"start":{"line":1,"column":0},"end":{"line":1,"column":null}},"1":{"start":{"line":17,"column":0},"end":{"line":17,"column":null}},"2":{"start":{"line":26,"column":0},"end":{"line":26,"column":45}},"3":{"start":{"line":29,"column":0},"end":{"line":29,"column":64}},"4":{"start":{"line":30,"column":0},"end":{"line":30,"column":61}},"5":{"start":{"line":33,"column":0},"end":{"line":33,"column":51}},"6":{"start":{"line":34,"column":0},"end":{"line":34,"column":null}},"7":{"start":{"line":43,"column":0},"end":{"line":43,"column":64}},"8":{"start":{"line":51,"column":30},"end":{"line":628,"column":null}},"9":{"start":{"line":54,"column":31},"end":{"line":54,"column":47}},"10":{"start":{"line":52,"column":19},"end":{"line":52,"column":63}},"11":{"start":{"line":167,"column":22},"end":{"line":167,"column":32}},"12":{"start":{"line":169,"column":4},"end":{"line":200,"column":5}},"13":{"start":{"line":170,"column":21},"end":{"line":174,"column":null}},"14":{"start":{"line":177,"column":29},"end":{"line":177,"column":51}},"15":{"start":{"line":179,"column":6},"end":{"line":182,"column":8}},"16":{"start":{"line":184,"column":6},"end":{"line":192,"column":8}},"17":{"start":{"line":194,"column":29},"end":{"line":194,"column":51}},"18":{"start":{"line":195,"column":6},"end":{"line":198,"column":8}},"19":{"start":{"line":199,"column":6},"end":{"line":199,"column":18}},"20":{"start":{"line":260,"column":22},"end":{"line":260,"column":32}},"21":{"start":{"line":262,"column":4},"end":{"line":286,"column":5}},"22":{"start":{"line":263,"column":22},"end":{"line":263,"column":79}},"23":{"start":{"line":265,"column":29},"end":{"line":265,"column":51}},"24":{"start":{"line":267,"column":6},"end":{"line":269,"column":8}},"25":{"start":{"line":271,"column":6},"end":{"line":278,"column":8}},"26":{"start":{"line":280,"column":29},"end":{"line":280,"column":51}},"27":{"start":{"line":281,"column":6},"end":{"line":284,"column":8}},"28":{"start":{"line":285,"column":6},"end":{"line":285,"column":18}},"29":{"start":{"line":380,"column":22},"end":{"line":380,"column":32}},"30":{"start":{"line":382,"column":4},"end":{"line":415,"column":5}},"31":{"start":{"line":383,"column":23},"end":{"line":388,"column":8}},"32":{"start":{"line":390,"column":21},"end":{"line":390,"column":81}},"33":{"start":{"line":392,"column":29},"end":{"line":392,"column":51}},"34":{"start":{"line":394,"column":6},"end":{"line":397,"column":8}},"35":{"start":{"line":399,"column":6},"end":{"line":407,"column":8}},"36":{"start":{"line":401,"column":38},"end":{"line":401,"column":53}},"37":{"start":{"line":409,"column":29},"end":{"line":409,"column":51}},"38":{"start":{"line":410,"column":6},"end":{"line":413,"column":8}},"39":{"start":{"line":414,"column":6},"end":{"line":414,"column":18}},"40":{"start":{"line":478,"column":22},"end":{"line":478,"column":32}},"41":{"start":{"line":480,"column":4},"end":{"line":508,"column":5}},"42":{"start":{"line":481,"column":27},"end":{"line":483,"column":null}},"43":{"start":{"line":486,"column":29},"end":{"line":486,"column":51}},"44":{"start":{"line":488,"column":6},"end":{"line":490,"column":8}},"45":{"start":{"line":492,"column":6},"end":{"line":500,"column":8}},"46":{"start":{"line":502,"column":29},"end":{"line":502,"column":51}},"47":{"start":{"line":503,"column":6},"end":{"line":506,"column":8}},"48":{"start":{"line":507,"column":6},"end":{"line":507,"column":18}},"49":{"start":{"line":529,"column":22},"end":{"line":529,"column":32}},"50":{"start":{"line":531,"column":4},"end":{"line":551,"column":5}},"51":{"start":{"line":532,"column":22},"end":{"line":532,"column":90}},"52":{"start":{"line":534,"column":29},"end":{"line":534,"column":51}},"53":{"start":{"line":536,"column":6},"end":{"line":536,"column":81}},"54":{"start":{"line":538,"column":6},"end":{"line":543,"column":8}},"55":{"start":{"line":545,"column":29},"end":{"line":545,"column":51}},"56":{"start":{"line":546,"column":6},"end":{"line":549,"column":8}},"57":{"start":{"line":550,"column":6},"end":{"line":550,"column":18}},"58":{"start":{"line":567,"column":22},"end":{"line":567,"column":32}},"59":{"start":{"line":569,"column":4},"end":{"line":584,"column":5}},"60":{"start":{"line":570,"column":6},"end":{"line":570,"column":57}},"61":{"start":{"line":572,"column":29},"end":{"line":572,"column":51}},"62":{"start":{"line":574,"column":6},"end":{"line":574,"column":79}},"63":{"start":{"line":578,"column":29},"end":{"line":578,"column":51}},"64":{"start":{"line":579,"column":6},"end":{"line":582,"column":8}},"65":{"start":{"line":583,"column":6},"end":{"line":583,"column":18}},"66":{"start":{"line":601,"column":22},"end":{"line":601,"column":32}},"67":{"start":{"line":603,"column":4},"end":{"line":626,"column":5}},"68":{"start":{"line":604,"column":27},"end":{"line":606,"column":null}},"69":{"start":{"line":609,"column":29},"end":{"line":609,"column":51}},"70":{"start":{"line":611,"column":6},"end":{"line":611,"column":91}},"71":{"start":{"line":613,"column":6},"end":{"line":618,"column":8}},"72":{"start":{"line":620,"column":29},"end":{"line":620,"column":51}},"73":{"start":{"line":621,"column":6},"end":{"line":624,"column":8}},"74":{"start":{"line":625,"column":6},"end":{"line":625,"column":18}},"75":{"start":{"line":51,"column":13},"end":{"line":51,"column":30}},"76":{"start":{"line":160,"column":8},"end":{"line":201,"column":null}},"77":{"start":{"line":256,"column":8},"end":{"line":287,"column":null}},"78":{"start":{"line":373,"column":8},"end":{"line":416,"column":null}},"79":{"start":{"line":473,"column":8},"end":{"line":509,"column":null}},"80":{"start":{"line":524,"column":8},"end":{"line":552,"column":null}},"81":{"start":{"line":563,"column":8},"end":{"line":585,"column":null}},"82":{"start":{"line":596,"column":8},"end":{"line":627,"column":null}},"83":{"start":{"line":51,"column":13},"end":{"line":628,"column":null}}},"fnMap":{"0":{"name":"(anonymous_4)","decl":{"start":{"line":54,"column":2},"end":{"line":54,"column":31}},"loc":{"start":{"line":54,"column":61},"end":{"line":54,"column":65}}},"1":{"name":"(anonymous_5)","decl":{"start":{"line":160,"column":8},"end":{"line":160,"column":23}},"loc":{"start":{"line":165,"column":50},"end":{"line":201,"column":3}}},"2":{"name":"(anonymous_6)","decl":{"start":{"line":256,"column":8},"end":{"line":256,"column":21}},"loc":{"start":{"line":258,"column":46},"end":{"line":287,"column":3}}},"3":{"name":"(anonymous_7)","decl":{"start":{"line":373,"column":8},"end":{"line":373,"column":31}},"loc":{"start":{"line":378,"column":44},"end":{"line":416,"column":3}}},"4":{"name":"(anonymous_8)","decl":{"start":{"line":401,"column":30},"end":{"line":401,"column":34}},"loc":{"start":{"line":401,"column":38},"end":{"line":401,"column":53}}},"5":{"name":"(anonymous_9)","decl":{"start":{"line":473,"column":8},"end":{"line":473,"column":26}},"loc":{"start":{"line":476,"column":56},"end":{"line":509,"column":3}}},"6":{"name":"(anonymous_10)","decl":{"start":{"line":524,"column":8},"end":{"line":524,"column":21}},"loc":{"start":{"line":527,"column":46},"end":{"line":552,"column":3}}},"7":{"name":"(anonymous_11)","decl":{"start":{"line":563,"column":8},"end":{"line":563,"column":21}},"loc":{"start":{"line":565,"column":42},"end":{"line":585,"column":3}}},"8":{"name":"(anonymous_12)","decl":{"start":{"line":596,"column":8},"end":{"line":596,"column":26}},"loc":{"start":{"line":599,"column":56},"end":{"line":627,"column":3}}}},"branchMap":{},"s":{"0":0,"1":0,"2":0,"3":0,"4":0,"5":0,"6":0,"7":0,"8":0,"9":0,"10":0,"11":0,"12":0,"13":0,"14":0,"15":0,"16":0,"17":0,"18":0,"19":0,"20":0,"21":0,"22":0,"23":0,"24":0,"25":0,"26":0,"27":0,"28":0,"29":0,"30":0,"31":0,"32":0,"33":0,"34":0,"35":0,"36":0,"37":0,"38":0,"39":0,"40":0,"41":0,"42":0,"43":0,"44":0,"45":0,"46":0,"47":0,"48":0,"49":0,"50":0,"51":0,"52":0,"53":0,"54":0,"55":0,"56":0,"57":0,"58":0,"59":0,"60":0,"61":0,"62":0,"63":0,"64":0,"65":0,"66":0,"67":0,"68":0,"69":0,"70":0,"71":0,"72":0,"73":0,"74":0,"75":0,"76":0,"77":0,"78":0,"79":0,"80":0,"81":0,"82":0,"83":0},"f":{"0":0,"1":0,"2":0,"3":0,"4":0,"5":0,"6":0,"7":0,"8":0},"b":{}}
[...]
oc":{"start":{"line":18,"column":46},"end":{"line":19,"column":6}}},"1":{"name":"(anonymous_3)","decl":{"start":{"line":21,"column":2},"end":{"line":21,"column":7}},"loc":{"start":{"line":24,"column":25},"end":{"line":43,"column":3}}},"2":{"name":"(anonymous_4)","decl":{"start":{"line":45,"column":2},"end":{"line":45,"column":7}},"loc":{"start":{"line":48,"column":25},"end":{"line":71,"column":3}}},"3":{"name":"(anonymous_5)","decl":{"start":{"line":73,"column":2},"end":{"line":73,"column":23}},"loc":{"start":{"line":73,"column":37},"end":{"line":102,"column":3}}},"4":{"name":"(anonymous_6)","decl":{"start":{"line":82,"column":27},"end":{"line":82,"column":35}},"loc":{"start":{"line":82,"column":40},"end":{"line":88,"column":8}}},"5":{"name":"(anonymous_7)","decl":{"start":{"line":94,"column":14},"end":{"line":94,"column":18}},"loc":{"start":{"line":94,"column":22},"end":{"line":94,"column":49}}},"6":{"name":"(anonymous_8)","decl":{"start":{"line":95,"column":11},"end":{"line":95,"column":15}},"loc":{"start":{"line":95,"column":20},"end":{"line":101,"column":8}}},"7":{"name":"(anonymous_9)","decl":{"start":{"line":104,"column":2},"end":{"line":104,"column":7}},"loc":{"start":{"line":107,"column":24},"end":{"line":147,"column":3}}},"8":{"name":"(anonymous_10)","decl":{"start":{"line":149,"column":10},"end":{"line":149,"column":21}},"loc":{"start":{"line":149,"column":49},"end":{"line":164,"column":3}}}},"branchMap":{"0":{"loc":{"start":{"line":52,"column":4},"end":{"line":54,"column":5}},"type":"if","locations":[{"start":{"line":52,"column":4},"end":{"line":54,"column":5}},{"start":{},"end":{}}]},"1":{"loc":{"start":{"line":80,"column":4},"end":{"line":89,"column":5}},"type":"if","locations":[{"start":{"line":80,"column":4},"end":{"line":89,"column":5}},{"start":{},"end":{}}]},"2":{"loc":{"start":{"line":98,"column":23},"end":{"line":98,"column":64}},"type":"binary-expr","locations":[{"start":{"line":98,"column":23},"end":{"line":98,"column":58}},{"start":{"line":98,"column":62},"end":{"line":98,"column":64}}]},"3":{"loc":{"start":{"line":150,"column":4},"end":{"line":156,"column":5}},"type":"if","locations":[{"start":{"line":150,"column":4},"end":{"line":156,"column":5}},{"start":{},"end":{}}]},"4":{"loc":{"start":{"line":152,"column":6},"end":{"line":154,"column":7}},"type":"if","locations":[{"start":{"line":152,"column":6},"end":{"line":154,"column":7}},{"start":{},"end":{}}]},"5":{"loc":{"start":{"line":159,"column":4},"end":{"line":161,"column":5}},"type":"if","locations":[{"start":{"line":159,"column":4},"end":{"line":161,"column":5}},{"start":{},"end":{}}]}},"s":{"0":0,"1":0,"2":0,"3":0,"4":0,"5":0,"6":0,"7":0,"8":0,"9":0,"10":0,"11":0,"12":0,"13":0,"14":0,"15":0,"16":0,"17":0,"18":0,"19":0,"20":0,"21":0,"22":0,"23":0,"24":0,"25":0,"26":0,"27":0,"28":0,"29":0,"30":0,"31":0,"32":0,"33":0,"34":0,"35":0,"36":0,"37":0,"38":0,"39":0,"40":0,"41":0,"42":0,"43":0,"44":0,"45":0,"46":0,"47":0,"48":0},"f":{"0":0,"1":0,"2":0,"3":0,"4":0,"5":0,"6":0,"7":0,"8":0},"b":{"0":[0,0],"1":[0,0],"2":[0,0],"3":[0,0],"4":[0,0],"5":[0,0]}}
,"C:\\Users\\ycloa\\App-WikiPro\\backend\\src\\modules\\ai-providers\\gemini\\gemini.provider.ts": {"path":"C:\\Users\\ycloa\\App-WikiPro\\backend\\src\\modules\\ai-providers\\gemini\\gemini.provider.ts","statementMap":{"0":{"start":{"line":1,"column":0},"end":{"line":1,"column":52}},"1":{"start":{"line":2,"column":0},"end":{"line":2,"column":94}},"2":{"start":{"line":3,"column":0},"end":{"line":3,"column":null}},"3":{"start":{"line":14,"column":0},"end":{"line":14,"column":60}},"4":{"start":{"line":15,"column":0},"end":{"line":15,"column":69}},"5":{"start":{"line":18,"column":27},"end":{"line":230,"column":null}},"6":{"start":{"line":38,"column":4},"end":{"line":43,"column":7}},"7":{"start":{"line":35,"column":12},"end":{"line":35,"column":27}},"8":{"start":{"line":36,"column":12},"end":{"line":36,"column":31}},"9":{"start":{"line":19,"column":11},"end":{"line":19,"column":27}},"10":{"start":{"line":20,"column":11},"end":{"line":20,"column":27}},"11":{"start":{"line":21,"column":11},"end":{"line":28,"column":4}},"12":{"start":{"line":32,"column":19},"end":{"line":32,"column":60}},"13":{"start":{"line":47,"column":4},"end":{"line":62,"column":5}},"14":{"start":{"line":48,"column":21},"end":{"line":48,"column":55}},"15":{"start":{"line":49,"column":6},"end":{"line":51,"column":7}},"16":{"start":{"line":50,"column":8},"end":{"line":50,"column":74}},"17":{"start":{"line":53,"column":6},"end":{"line":53,"column":51}},"18":{"start":{"line":54,"column":6},"end":{"line":56,"column":9}},"19":{"start":{"line":58,"column":6},"end":{"line":58,"column":105}},"20":{"start":{"line":60,"column":6},"end":{"line":60,"column":76}},"21":{"start":{"line":61,"column":6},"end":{"line":61,"column":18}},"22":{"start":{"line":66,"column":4},"end":{"line":73,"column":5}},"23":{"start":{"line":68,"column":21},"end":{"line":68,"column":70}},"24":{"start":{"line":69,"column":6},"end":{"line":69,"column":41}},"25":{"start":{"line":71,"column":6},"end":{"line":71,"column":71}},"26":{"start":{"line":72,"column":6},"end":{"line":72,"column":19}},"27":{"start":{"line":80,"column":22},"end":{"line":80,"column":32}},"28":{"start":{"line":82,"column":4},"end":{"line":130,"column":5}},"29":{"start":{"line":83,"column":6},"end":{"line":83,"column":36}},"30":{"start":{"line":84,"column":6},"end":{"line":84,"column":36}},"31":{"start":{"line":86,"column":21},"end":{"line":86,"column":46}},"32":{"start":{"line":87,"column":21},"end":{"line":87,"column":56}},"33":{"start":{"line":89,"column":21},"end":{"line":92,"column":8}},"34":{"start":{"line":94,"column":27},"end":{"line":94,"column":49}},"35":{"start":{"line":95,"column":25},"end":{"line":95,"column":75}},"36":{"start":{"line":96,"column":27},"end":{"line":96,"column":49}},"37":{"start":{"line":99,"column":6},"end":{"line":99,"column":51}},"38":{"start":{"line":102,"column":6},"end":{"line":110,"column":7}},"39":{"start":{"line":103,"column":8},"end":{"line":109,"column":10}},"40":{"start":{"line":112,"column":6},"end":{"line":112,"column":124}},"41":{"start":{"line":114,"column":6},"end":{"line":122,"column":8}},"42":{"start":{"line":125,"column":27},"end":{"line":125,"column":49}},"43":{"start":{"line":126,"column":6},"end":{"line":126,"column":48}},"44":{"start":{"line":128,"column":6},"end":{"line":128,"column":94}},"45":{"start":{"line":129,"column":6},"end":{"line":129,"column":56}},"46":{"start":{"line":137,"column":22},"end":{"line":137,"column":32}},"47":{"start":{"line":139,"column":4},"end":{"line":192,"column":5}},"48":{"start":{"line":140,"column":6},"end":{"line":140,"column":36}},"49":{"start":{"line":141,"column":6},"end":{"line":141,"column":36}},"50":{"start":{"line":143,"column":23},"end":{"line":143,"column":61}},"51":{"start":{"line":144,"column":21},"end":{"line":144,"column":56}},"52":{"start":{"line":146,"column":21},"end":{"line":149,"column":8}},"53":{"start":{"line":151,"column":27},"end":{"line":151,"column":49}},"54":{"start":{"line":152,"column":25},"end":{"line":153,"column":null}},"55":{"start":{"line":153,"column":34},"end":{"line":153,"column":43}},"56":{"start":{"line":155,"column":27},"end":{"line":155,"column":49}},"57":{"start":{"line":158,"column":6},"end":{"line":158,"column":51}},"58":{"start":{"line":161,"column":6},"end":{"line":169,"column":7}},"59":{"start":{"line":162,"column":8},"end":{"line":168,"column":10}},"60":{"start":{"line":171,"column":6},"end":{"line":171,"column":119}},"61":{"start":{"line":173,"column":6},"end":{"line":184,"column":8}},"62":{"start":{"line":187,"column":27},"end":{"line":187,"column":49}},"63":{"start":{"line":188,"column":6},"end":{"line":188,"column":48}},"64":{"start":{"line":190,"column":6},"end":{"line":190,"column":99}},"65":{"start":{"line":191,"column":6},"end":{"line":191,"column":56}},"66":{"start":{"line":196,"column":17},"end":{"line":196,"column":19}},"67":{"start":{"line":198,"column":4},"end":{"line":200,"column":5}},"68":{"start":{"line":199,"column":6},"end":{"line":199,"column":46}},"69":{"start":{"line":202,"column":4},"end":{"line":202,"column":50}},"70":{"start":{"line":204,"column":4},"end":{"line":204,"column":18}},"71":{"start":{"line":208,"column":4},"end":{"line":212,"column":6}},"72":{"start":{"line":216,"column":4},"end":{"line":219,"column":8}},"73":{"start":{"line":216,"column":32},"end":{"line":219,"column":6}},"74":{"start":{"line":224,"column":4},"end":{"line":224,"column":38}},"75":{"start":{"line":228,"column":4},"end":{"line":228,"column":24}},"76":{"start":{"line":18,"column":13},"end":{"line":18,"column":27}},"77":{"start":{"line":18,"column":13},"end":{"line":230,"column":null}}},"fnMap":{"0":{"name":"(anonymous_2)","decl":{"start":{"line":34,"column":2},"end":{"line":34,"column":null}},"loc":{"start":{"line":36,"column":47},"end":{"line":44,"column":3}}},"1":{"name":"(anonymous_3)","decl":{"start":{"line":46,"column":2},"end":{"line":46,"column":7}},"loc":{"start":{"line":46,"column":18},"end":{"line":63,"column":3}}},"2":{"name":"(anonymous_4)","decl":{"start":{"line":65,"column":2},"end":{"line":65,"column":7}},"loc":{"start":{"line":65,"column":19},"end":{"line":74,"column":3}}},"3":{"name":"(anonymous_5)","decl":{"start":{"line":76,"column":2},"end":{"line":76,"column":7}},"loc":{"start":{"line":78,"column":34},"end":{"line":131,"column":3}}},"4":{"name":"(anonymous_6)","decl":{"start":{"line":133,"column":2},"end":{"line":133,"column":7}},"loc":{"start":{"line":135,"column":34},"end":{"line":193,"column":3}}},"5":{"name":"(anonymous_7)","decl":{"start":{"line":153,"column":29},"end":{"line":153,"column":30}},"loc":{"start":{"line":153,"column":34},"end":{"line":153,"column":43}}},"6":{"name":"(anonymous_8)","decl":{"start":{"line":195,"column":10},"end":{"line":195,"column":21}},"loc":{"start":{"line":195,"column":52},"end":{"line":205,"column":3}}},"7":{"name":"(anonymous_9)","decl":{"start":{"line":207,"column":10},"end":{"line":207,"column":31}},"loc":{"start":{"line":207,"column":86},"end":{"line":213,"column":3}}},"8":{"name":"(anonymous_10)","decl":{"start":{"line":215,"column":10},"end":{"line":215,"column":25}},"loc":{"start":{"line":215,"column":49},"end":{"line":220,"column":3}}},"9":{"name":"(anonymous_11)","decl":{"start":{"line":216,"column":24},"end":{"line":216,"column":27}},"loc":{"start":{"line":216,"column":32},"end":{"line":219,"column":6}}},"10":{"name":"(anonymous_12)","decl":{"start":{"line":222,"column":10},"end":{"line":222,"column":24}},"loc":{"start":{"line":222,"column":37},"end":{"line":225,"column":3}}},"11":{"name":"(anonymous_13)","decl":{"start":{"line":227,"column":2},"end":{"line":227,"column":12}},"loc":{"start":{"line":227,"column":12},"end":{"line":229,"column":3}}}},"branchMap":{"0":{"loc":{"start":{"line":49,"column":6},"end":{"line":51,"column":7}},"type":"if","locations":[{"start":{"line":49,"column":6},"end":{"line":51,"column":7}},{"start":{},"end":{}}]},"1":{"loc":{"start":{"line":102,"column":6},"end":{"line":110,"column":7}},"type":"if","locations":[{"start":{"line":102,"column":6},"end":{"line":110,"column":7}},{"start":{},"end":{}}]},"2":{"loc":{"start":{"line":161,"column":6},"end":{"line":169,"column":7}},"type":"if","locations":[{"start":{"line":161,"column":6},"end":{"line":169,"column":7}},{"start":{},"end":{}}]},"3":{"loc":{"start":{"line":198,"column":4},"end":{"line":200,"column":5}},"type":"if","locations":[{"start":{"line":198,"column":4},"end":{"line":200,"column":5}},{"start":{},"end":{}}]},"4":{"loc":{"start":{"line":209,"column":23},"end":{"line":209,"column":75}},"type":"binary-expr","locations":[{"start":{"line":209,"column":23},"end":{"line":209,"column":40}},{"start":{"line":209,"column":44},"end":{"line":209,"column":75}}]},"5":{"loc":{"start":{"line":210,"column":19},"end":{"line":210,"column":75}},"type":"binary-expr","locations":[{"start":{"line":210,"column":19},"end":{"line":210,"column":38}},{"start":{"line":210,"column":42},"end":{"line":210,"column":75}}]},"6":{"loc":{"start":{"line":211,"column":21},"end":{"line":211,"column":48}},"type":"binary-expr","locations":[{"start":{"line":211,"column":21},"end":{"line":211,"column":42}},{"start":{"line":211,"column":46},"end":{"line":211,"column":48}}]},"7":{"loc":{"start":{"line":217,"column":12},"end":{"line":217,"column":55}},"type":"cond-expr","locations":[{"start":{"line":217,"column":39},"end":{"line":217,"column":46}},{"start":{"line":217,"column":49},"end":{"line":217,"column":55}}]}},"s":{"0":0,"1":0,"2":0,"3":0,"4":0,"5":0,"6":0,"7":0,"8":0,"9":0,"10":0,"11":0,"12":0,"13":0,"14":0,"15":0,"16":0,"17":0,"18":0,"19":0,"20":0,"21":0,"22":0,"23":0,"24":0,"25":0,"26":0,"27":0,"28":0,"29":0,"30":0,"31":0,"32":0,"33":0,"34":0,"35":0,"36":0,"37":0,"38":0,"39":0,"40":0,"41":0,"42":0,"43":0,"44":0,"45":0,"46":0,"47":0,"48":0,"49":0,"50":0,"51":0,"52":0,"53":0,"54":0,"55":0,"56":0,"57":0,"58":0,"59":0,"60":0,"61":0,"62":0,"63":0,"64":0,"65":0,"66":0,"67":0,"68":0,"69":0,"70":0,"71":0,"72":0,"73":0,"74":0,"75":0,"76":0,"77":0},"f":{"0":0,"1":0,"2":0,"3":0,"4":0,"5":0,"6":0,"7":0,"8":0,"9":0,"10":0,"11":0},"b":{"0":[0,0],"1":[0,0],"2":[0,0],"3":[0,0],"4":[0,0],"5":[0,0],"6":[0,0],"7":[0,0]}}
,"C:\\Users\\ycloa\\App-WikiPro\\backend\\src\\shared\\interfaces\\ai-provider.interface.ts": {"path":"C:\\Users\\ycloa\\App-WikiPro\\backend\\src\\shared\\interfaces\\ai-provider.interface.ts","statementMap":{"0":{"start":{"line":1,"column":0},"end":{"line":1,"column":74}},"1":{"start":{"line":74,"column":4},"end":{"line":76,"column":5}},"2":{"start":{"line":75,"column":6},"end":{"line":75,"column":82}},"3":{"start":{"line":77,"column":4},"end":{"line":77,"column":46}},"4":{"start":{"line":84,"column":4},"end":{"line":86,"column":5}},"5":{"start":{"line":85,"column":6},"end":{"line":85,"column":78}},"6":{"start":{"line":87,"column":4},"end":{"line":87,"column":46}},"7":{"start":{"line":94,"column":4},"end":{"line":96,"column":5}},"8":{"start":{"line":95,"column":6},"end":{"line":95,"column":76}},"9":{"start":{"line":97,"column":4},"end":{"line":97,"column":46}},"10":{"start":{"line":102,"column":4},"end":{"line":104,"column":5}},"11":{"start":{"line":103,"column":6},"end":{"line":103,"column":45}},"12":{"start":{"line":108,"column":4},"end":{"line":110,"column":5}},"13":{"start":{"line":109,"column":6},"end":{"line":109,"column":47}},"14":{"start":{"line":115,"column":4},"end":{"line":115,"column":45}},"15":{"start":{"line":119,"column":20},"end":{"line":119,"column":53}},"16":{"start":{"line":120,"column":29},"end":{"line":120,"column":64}},"17":{"start":{"line":123,"column":4},"end":{"line":123,"column":35}},"18":{"start":{"line":125,"column":4},"end":{"line":125,"column":27}},"19":{"start":{"line":60,"column":0},"end":{"line":60,"column":22}}},"fnMap":{"0":{"name":"(anonymous_0)","decl":{"start":{"line":70,"column":2},"end":{"line":70,"column":7}},"loc":{"start":{"line":72,"column":34},"end":{"line":78,"column":3}}},"1":{"name":"(anonymous_1)","decl":{"start":{"line":80,"column":2},"end":{"line":80,"column":7}},"loc":{"start":{"line":82,"column":29},"end":{"line":88,"column":3}}},"2":{"name":"(anonymous_2)","decl":{"start":{"line":90,"column":2},"end":{"line":90,"column":7}},"loc":{"start":{"line":92,"column":43},"end":{"line":98,"column":3}}},"3":{"name":"(anonymous_3)","decl":{"start":{"line":101,"column":12},"end":{"line":101,"column":27}},"loc":{"start":{"line":101,"column":40},"end":{"line":105,"column":3}}},"4":{"name":"(anonymous_4)","decl":{"start":{"line":107,"column":12},"end":{"line":107,"column":26}},"loc":{"start":{"line":107,"column":43},"end":{"line":111,"column":3}}},"5":{"name":"(anonymous_5)","decl":{"start":{"line":113,"column":12},"end":{"line":113,"column":26}},"loc":{"start":{"line":113,"column":41},"end":{"line":116,"column":3}}},"6":{"name":"(anonymous_6)","decl":{"start":{"line":118,"column":12},"end":{"line":118,"column":23}},"loc":{"start":{"line":118,"column":51},"end":{"line":126,"column":3}}}},"branchMap":{"0":{"loc":{"start":{"line":74,"column":4},"end":{"line":76,"column":5}},"type":"if","locations":[{"start":{"line":74,"column":4},"end":{"line":76,"column":5}},{"start":{},"end":{}}]},"1":{"loc":{"start":{"line":84,"column":4},"end":{"line":86,"column":5}},"type":"if","locations":[{"start":{"line":84,"column":4},"end":{"line":86,"column":5}},{"start":{},"end":{}}]},"2":{"loc":{"start":{"line":94,"column":4},"end":{"line":96,"column":5}},"type":"if","locations":[{"start":{"line":94,"column":4},"end":{"line":96,"column":5}},{"start":{},"end":{}}]},"3":{"loc":{"start":{"line":102,"column":4},"end":{"line":104,"column":5}},"type":"if","locations":[{"start":{"line":102,"column":4},"end":{"line":104,"column":5}},{"start":{},"end":{}}]},"4":{"loc":{"start":{"line":108,"column":4},"end":{"line":110,"column":5}},"type":"if","locations":[{"start":{"line":108,"column":4},"end":{"line":110,"column":5}},{"start":{},"end":{}}]},"5":{"loc":{"start":{"line":119,"column":20},"end":{"line":119,"column":53}},"type":"binary-expr","locations":[{"start":{"line":119,"column":20},"end":{"line":119,"column":34}},{"start":{"line":119,"column":38},"end":{"line":119,"column":53}}]}},"s":{"0":0,"1":0,"2":0,"3":0,"4":0,"5":0,"6":0,"7":0,"8":0,"9":0,"10":0,"11":0,"12":0,"13":0,"14":0,"15":0,"16":0,"17":0,"18":0,"19":0},"f":{"0":0,"1":0,"2":0,"3":0,"4":0,"5":0,"6":0},"b":{"0":[0,0],"1":[0,0],"2":[0,0],"3":[0,0],"4":[0,0],"5":[0,0]}}
,"C:\\Users\\ycloa\\App-WikiPro\\backend\\src\\shared\\interfaces\\provider.interface.ts": {"path":"C:\\Users\\ycloa\\App-WikiPro\\backend\\src\\shared\\interfaces\\provider.interface.ts","statementMap":{"0":{"start":{"line":32,"column":12},"end":{"line":37,"column":4}},"1":{"start":{"line":40,"column":4},"end":{"line":40,"column":25}},"2":{"start":{"line":48,"column":4},"end":{"line":48,"column":31}},"3":{"start":{"line":52,"column":4},"end":{"line":52,"column":32}},"4":{"start":{"line":56,"column":4},"end":{"line":56,"column":30}},"5":{"start":{"line":57,"column":4},"end":{"line":57,"column":43}},"6":{"start":{"line":58,"column":4},"end":{"line":58,"column":39}},"7":{"start":{"line":61,"column":4},"end":{"line":62,"column":109}},"8":{"start":{"line":65,"column":4},"end":{"line":71,"column":5}},"9":{"start":{"line":66,"column":29},"end":{"line":66,"column":83}},"10":{"start":{"line":67,"column":6},"end":{"line":67,"column":78}},"11":{"start":{"line":69,"column":29},"end":{"line":69,"column":83}},"12":{"start":{"line":70,"column":6},"end":{"line":70,"column":72}},"13":{"start":{"line":26,"column":0},"end":{"line":26,"column":22}}},"fnMap":{"0":{"name":"(anonymous_0)","decl":{"start":{"line":39,"column":2},"end":{"line":39,"column":14}},"loc":{"start":{"line":39,"column":36},"end":{"line":41,"column":3}}},"1":{"name":"(anonymous_1)","decl":{"start":{"line":47,"column":2},"end":{"line":47,"column":6}},"loc":{"start":{"line":47,"column":15},"end":{"line":49,"column":3}}},"2":{"name":"(anonymous_2)","decl":{"start":{"line":51,"column":2},"end":{"line":51,"column":6}},"loc":{"start":{"line":51,"column":14},"end":{"line":53,"column":3}}},"3":{"name":"(anonymous_3)","decl":{"start":{"line":55,"column":12},"end":{"line":55,"column":25}},"loc":{"start":{"line":55,"column":96},"end":{"line":72,"column":3}}}},"branchMap":{"0":{"loc":{"start":{"line":55,"column":48},"end":{"line":55,"column":70}},"type":"default-arg","locations":[{"start":{"line":55,"column":69},"end":{"line":55,"column":70}}]},"1":{"loc":{"start":{"line":55,"column":72},"end":{"line":55,"column":96}},"type":"default-arg","locations":[{"start":{"line":55,"column":91},"end":{"line":55,"column":96}}]},"2":{"loc":{"start":{"line":65,"column":4},"end":{"line":71,"column":5}},"type":"if","locations":[{"start":{"line":65,"column":4},"end":{"line":71,"column":5}},{"start":{"line":68,"column":11},"end":{"line":71,"column":5}}]}},"s":{"0":0,"1":0,"2":0,"3":0,"4":0,"5":0,"6":0,"7":0,"8":0,"9":0,"10":0,"11":0,"12":0,"13":1},"f":{"0":0,"1":0,"2":0,"3":0},"b":{"0":[0],"1":[0],"2":[0,0]}}
}
